TN:
SF:C:\Users\Людмила\Desktop\FSD_slider\test\commonFunction.spec.ts
FN:1,(anonymous_0)
FN:6,__webpack_require__
FN:37,(anonymous_2)
FN:44,(anonymous_3)
FN:56,(anonymous_4)
FN:63,(anonymous_5)
FN:68,(anonymous_6)
FN:70,getDefault
FN:71,getModuleExports
FN:77,(anonymous_9)
FN:94,(anonymous_10)
FN:99,isNumeric
FN:103,deepEqual
FN:107,getNumberOfSteps
FN:111,findValueByOffsetRacio
FN:121,normalizeNumber
FN:139,(anonymous_16)
FN:168,(anonymous_17)
FN:175,(anonymous_18)
FN:176,(anonymous_19)
FN:183,(anonymous_20)
FN:184,(anonymous_21)
FN:192,(anonymous_22)
FN:193,(anonymous_23)
FN:202,(anonymous_24)
FN:203,(anonymous_25)
FN:213,(anonymous_26)
FN:214,(anonymous_27)
FNF:28
FNH:20
FNDA:1,(anonymous_0)
FNDA:3,__webpack_require__
FNDA:0,(anonymous_2)
FNDA:0,(anonymous_3)
FNDA:0,(anonymous_4)
FNDA:0,(anonymous_5)
FNDA:0,(anonymous_6)
FNDA:0,getDefault
FNDA:0,getModuleExports
FNDA:0,(anonymous_9)
FNDA:1,(anonymous_10)
FNDA:6,isNumeric
FNDA:2,deepEqual
FNDA:3,getNumberOfSteps
FNDA:2,findValueByOffsetRacio
FNDA:2,normalizeNumber
FNDA:1,(anonymous_16)
FNDA:1,(anonymous_17)
FNDA:1,(anonymous_18)
FNDA:1,(anonymous_19)
FNDA:1,(anonymous_20)
FNDA:1,(anonymous_21)
FNDA:1,(anonymous_22)
FNDA:1,(anonymous_23)
FNDA:1,(anonymous_24)
FNDA:1,(anonymous_25)
FNDA:1,(anonymous_26)
FNDA:1,(anonymous_27)
DA:1,1
DA:3,1
DA:9,3
DA:10,0
DA:13,3
DA:20,3
DA:23,3
DA:26,3
DA:31,1
DA:34,1
DA:37,1
DA:38,0
DA:39,0
DA:44,1
DA:45,0
DA:46,0
DA:48,0
DA:56,1
DA:57,0
DA:58,0
DA:59,0
DA:60,0
DA:61,0
DA:62,0
DA:63,0
DA:64,0
DA:68,1
DA:69,0
DA:70,0
DA:71,0
DA:72,0
DA:73,0
DA:77,1
DA:80,1
DA:84,1
DA:98,1
DA:100,6
DA:102,1
DA:104,2
DA:106,1
DA:108,3
DA:110,1
DA:112,2
DA:114,2
DA:115,2
DA:118,2
DA:120,1
DA:122,2
DA:123,2
DA:124,1
DA:126,2
DA:127,2
DA:129,1
DA:143,1
DA:144,1
DA:158,1
DA:172,1
DA:173,1
DA:174,1
DA:175,1
DA:176,1
DA:177,1
DA:178,1
DA:179,1
DA:180,1
DA:183,1
DA:184,1
DA:185,1
DA:186,1
DA:187,1
DA:188,1
DA:189,1
DA:192,1
DA:193,1
DA:194,1
DA:195,1
DA:196,1
DA:197,1
DA:198,1
DA:199,1
DA:202,1
DA:203,1
DA:204,1
DA:205,1
DA:206,1
DA:209,1
DA:210,1
DA:213,1
DA:214,1
DA:215,1
DA:216,1
DA:217,1
DA:218,1
LF:93
LH:74
BRDA:9,0,0,0
BRDA:9,0,1,3
BRDA:38,1,0,0
BRDA:38,1,1,0
BRDA:45,2,0,0
BRDA:45,2,1,0
BRDA:45,3,0,0
BRDA:45,3,1,0
BRDA:57,4,0,0
BRDA:57,4,1,0
BRDA:58,5,0,0
BRDA:58,5,1,0
BRDA:59,6,0,0
BRDA:59,6,1,0
BRDA:59,7,0,0
BRDA:59,7,1,0
BRDA:59,7,2,0
BRDA:59,7,3,0
BRDA:63,8,0,0
BRDA:63,8,1,0
BRDA:63,9,0,0
BRDA:63,9,1,0
BRDA:69,10,0,0
BRDA:69,10,1,0
BRDA:69,11,0,0
BRDA:69,11,1,0
BRDA:100,12,0,6
BRDA:100,12,1,4
BRDA:115,13,0,1
BRDA:115,13,1,1
BRDA:123,14,0,1
BRDA:123,14,1,1
BRF:32
BRH:7
end_of_record
TN:
SF:C:\Users\Людмила\Desktop\FSD_slider\test\model.spec.ts
FN:1,(anonymous_0)
FN:6,__webpack_require__
FN:37,(anonymous_2)
FN:44,(anonymous_3)
FN:56,(anonymous_4)
FN:63,(anonymous_5)
FN:68,(anonymous_6)
FN:70,getDefault
FN:71,getModuleExports
FN:77,(anonymous_9)
FN:94,(anonymous_10)
FN:100,(anonymous_11)
FN:104,bind
FN:110,(anonymous_13)
FN:133,(anonymous_14)
FN:137,(anonymous_15)
FN:138,(anonymous_16)
FN:140,(anonymous_17)
FN:141,(anonymous_18)
FN:144,(anonymous_19)
FN:146,__
FN:150,(anonymous_21)
FN:151,(anonymous_22)
FN:166,(anonymous_23)
FN:168,Model
FN:186,(anonymous_25)
FN:201,(anonymous_26)
FN:213,(anonymous_27)
FN:228,(anonymous_28)
FN:240,(anonymous_29)
FN:243,(anonymous_30)
FN:253,(anonymous_31)
FN:262,(anonymous_32)
FN:307,(anonymous_33)
FN:342,(anonymous_34)
FN:346,(anonymous_35)
FN:354,(anonymous_36)
FN:355,Observable
FN:358,(anonymous_38)
FN:361,(anonymous_39)
FN:362,(anonymous_40)
FN:384,(anonymous_41)
FN:389,isNumeric
FN:393,deepEqual
FN:397,getNumberOfSteps
FN:401,findValueByOffsetRacio
FN:411,normalizeNumber
FN:429,(anonymous_47)
FN:458,(anonymous_48)
FN:484,validateNumbers
FN:486,(anonymous_50)
FN:494,validateIntegers
FN:496,(anonymous_52)
FN:504,validateModel
FN:549,validateView
FN:576,(anonymous_55)
FN:585,(anonymous_56)
FN:588,(anonymous_57)
FN:589,(anonymous_58)
FN:592,(anonymous_59)
FN:603,(anonymous_60)
FN:604,(anonymous_61)
FN:605,(anonymous_62)
FN:626,(anonymous_63)
FN:628,(anonymous_64)
FN:639,(anonymous_65)
FN:641,(anonymous_66)
FN:654,(anonymous_67)
FN:655,(anonymous_68)
FN:660,(anonymous_69)
FN:662,(anonymous_70)
FN:672,(anonymous_71)
FN:673,(anonymous_72)
FN:680,(anonymous_73)
FN:684,(anonymous_74)
FN:693,(anonymous_75)
FN:699,(anonymous_76)
FN:700,(anonymous_77)
FN:712,(anonymous_78)
FN:713,(anonymous_79)
FN:721,(anonymous_80)
FN:727,(anonymous_81)
FN:728,(anonymous_82)
FN:729,(anonymous_83)
FN:734,(anonymous_84)
FN:735,(anonymous_85)
FN:737,(anonymous_86)
FN:747,(anonymous_87)
FN:748,(anonymous_88)
FN:752,(anonymous_89)
FN:761,(anonymous_90)
FN:771,(anonymous_91)
FN:784,(anonymous_92)
FN:798,(anonymous_93)
FN:805,(anonymous_94)
FN:817,(anonymous_95)
FN:818,(anonymous_96)
FN:819,(anonymous_97)
FN:827,(anonymous_98)
FNF:99
FNH:85
FNDA:1,(anonymous_0)
FNDA:10,__webpack_require__
FNDA:0,(anonymous_2)
FNDA:0,(anonymous_3)
FNDA:0,(anonymous_4)
FNDA:0,(anonymous_5)
FNDA:0,(anonymous_6)
FNDA:0,getDefault
FNDA:0,getModuleExports
FNDA:0,(anonymous_9)
FNDA:1,(anonymous_10)
FNDA:1,(anonymous_11)
FNDA:2,bind
FNDA:14,(anonymous_13)
FNDA:1,(anonymous_14)
FNDA:1,(anonymous_15)
FNDA:1,(anonymous_16)
FNDA:0,(anonymous_17)
FNDA:0,(anonymous_18)
FNDA:1,(anonymous_19)
FNDA:1,__
FNDA:1,(anonymous_21)
FNDA:0,(anonymous_22)
FNDA:1,(anonymous_23)
FNDA:95,Model
FNDA:4,(anonymous_25)
FNDA:2,(anonymous_26)
FNDA:3,(anonymous_27)
FNDA:21,(anonymous_28)
FNDA:5,(anonymous_29)
FNDA:100,(anonymous_30)
FNDA:100,(anonymous_31)
FNDA:107,(anonymous_32)
FNDA:121,(anonymous_33)
FNDA:1,(anonymous_34)
FNDA:2,(anonymous_35)
FNDA:1,(anonymous_36)
FNDA:95,Observable
FNDA:5,(anonymous_38)
FNDA:11,(anonymous_39)
FNDA:6,(anonymous_40)
FNDA:1,(anonymous_41)
FNDA:844,isNumeric
FNDA:4,deepEqual
FNDA:0,getNumberOfSteps
FNDA:0,findValueByOffsetRacio
FNDA:433,normalizeNumber
FNDA:1,(anonymous_47)
FNDA:1,(anonymous_48)
FNDA:102,validateNumbers
FNDA:411,(anonymous_50)
FNDA:102,validateIntegers
FNDA:411,(anonymous_52)
FNDA:102,validateModel
FNDA:0,validateView
FNDA:1,(anonymous_55)
FNDA:93,(anonymous_56)
FNDA:1,(anonymous_57)
FNDA:1,(anonymous_58)
FNDA:1,(anonymous_59)
FNDA:1,(anonymous_60)
FNDA:1,(anonymous_61)
FNDA:1,(anonymous_62)
FNDA:1,(anonymous_63)
FNDA:1,(anonymous_64)
FNDA:1,(anonymous_65)
FNDA:2,(anonymous_66)
FNDA:1,(anonymous_67)
FNDA:1,(anonymous_68)
FNDA:1,(anonymous_69)
FNDA:1,(anonymous_70)
FNDA:1,(anonymous_71)
FNDA:1,(anonymous_72)
FNDA:1,(anonymous_73)
FNDA:1,(anonymous_74)
FNDA:1,(anonymous_75)
FNDA:1,(anonymous_76)
FNDA:1,(anonymous_77)
FNDA:1,(anonymous_78)
FNDA:1,(anonymous_79)
FNDA:1,(anonymous_80)
FNDA:1,(anonymous_81)
FNDA:1,(anonymous_82)
FNDA:1,(anonymous_83)
FNDA:1,(anonymous_84)
FNDA:1,(anonymous_85)
FNDA:1,(anonymous_86)
FNDA:1,(anonymous_87)
FNDA:1,(anonymous_88)
FNDA:1,(anonymous_89)
FNDA:1,(anonymous_90)
FNDA:1,(anonymous_91)
FNDA:1,(anonymous_92)
FNDA:1,(anonymous_93)
FNDA:1,(anonymous_94)
FNDA:1,(anonymous_95)
FNDA:1,(anonymous_96)
FNDA:1,(anonymous_97)
FNDA:1,(anonymous_98)
DA:1,1
DA:3,1
DA:9,10
DA:10,3
DA:13,7
DA:20,7
DA:23,7
DA:26,7
DA:31,1
DA:34,1
DA:37,1
DA:38,0
DA:39,0
DA:44,1
DA:45,0
DA:46,0
DA:48,0
DA:56,1
DA:57,0
DA:58,0
DA:59,0
DA:60,0
DA:61,0
DA:62,0
DA:63,0
DA:64,0
DA:68,1
DA:69,0
DA:70,0
DA:71,0
DA:72,0
DA:73,0
DA:77,1
DA:80,1
DA:84,1
DA:98,1
DA:100,1
DA:101,1
DA:102,1
DA:105,2
DA:106,0
DA:108,2
DA:111,14
DA:113,14
DA:118,14
DA:122,1
DA:123,1
DA:137,1
DA:138,1
DA:139,1
DA:140,0
DA:141,0
DA:142,1
DA:144,1
DA:145,1
DA:146,1
DA:147,1
DA:150,1
DA:151,1
DA:152,0
DA:153,0
DA:154,0
DA:155,0
DA:157,0
DA:159,1
DA:161,1
DA:162,1
DA:163,1
DA:164,1
DA:165,1
DA:166,1
DA:167,1
DA:169,95
DA:170,95
DA:171,95
DA:172,95
DA:173,95
DA:174,95
DA:175,95
DA:176,95
DA:177,95
DA:178,95
DA:179,95
DA:180,95
DA:181,95
DA:182,95
DA:183,95
DA:184,95
DA:186,1
DA:187,4
DA:188,4
DA:189,4
DA:190,4
DA:191,4
DA:192,4
DA:193,0
DA:195,4
DA:196,4
DA:201,1
DA:202,2
DA:203,2
DA:204,2
DA:205,0
DA:207,2
DA:208,2
DA:213,1
DA:214,3
DA:215,1
DA:217,2
DA:218,2
DA:219,2
DA:220,0
DA:222,2
DA:223,2
DA:228,1
DA:229,21
DA:240,1
DA:241,5
DA:243,1
DA:244,100
DA:245,100
DA:246,100
DA:247,100
DA:248,100
DA:249,100
DA:250,100
DA:251,100
DA:253,1
DA:254,100
DA:255,97
DA:257,3
DA:262,1
DA:264,107
DA:265,107
DA:266,107
DA:267,107
DA:268,0
DA:270,107
DA:271,1
DA:272,1
DA:274,107
DA:275,107
DA:276,107
DA:277,107
DA:278,1
DA:280,107
DA:281,0
DA:282,0
DA:284,107
DA:285,1
DA:287,107
DA:288,107
DA:289,107
DA:290,107
DA:291,1
DA:293,107
DA:296,107
DA:297,107
DA:298,107
DA:299,102
DA:302,5
DA:303,5
DA:305,107
DA:307,1
DA:310,121
DA:311,121
DA:312,4
DA:314,117
DA:315,105
DA:317,12
DA:318,9
DA:319,9
DA:320,9
DA:323,3
DA:324,3
DA:325,3
DA:327,12
DA:328,12
DA:330,1
DA:332,1
DA:346,1
DA:347,2
DA:348,2
DA:349,2
DA:350,2
DA:352,1
DA:353,1
DA:354,1
DA:356,95
DA:358,1
DA:359,5
DA:361,1
DA:362,11
DA:363,6
DA:366,1
DA:369,1
DA:372,1
DA:374,1
DA:388,1
DA:390,844
DA:392,1
DA:394,4
DA:396,1
DA:398,0
DA:400,1
DA:402,0
DA:404,0
DA:405,0
DA:408,0
DA:410,1
DA:412,433
DA:413,433
DA:414,2
DA:416,433
DA:417,433
DA:419,1
DA:433,1
DA:434,1
DA:448,1
DA:462,1
DA:463,1
DA:464,1
DA:476,1
DA:477,1
DA:483,1
DA:485,102
DA:486,102
DA:487,411
DA:488,2
DA:491,102
DA:493,1
DA:495,102
DA:496,102
DA:497,411
DA:498,2
DA:501,102
DA:503,1
DA:505,102
DA:506,102
DA:507,102
DA:508,102
DA:509,4
DA:511,102
DA:512,101
DA:514,102
DA:515,2
DA:517,102
DA:518,2
DA:520,102
DA:521,1
DA:523,102
DA:524,0
DA:526,102
DA:527,1
DA:529,102
DA:530,1
DA:532,102
DA:533,0
DA:535,102
DA:536,0
DA:538,102
DA:539,0
DA:540,0
DA:542,0
DA:543,0
DA:546,102
DA:548,1
DA:550,0
DA:551,0
DA:552,0
DA:553,0
DA:555,0
DA:556,0
DA:558,0
DA:559,0
DA:561,0
DA:562,0
DA:564,0
DA:566,1
DA:580,1
DA:581,1
DA:582,1
DA:583,1
DA:585,1
DA:586,93
DA:588,1
DA:589,1
DA:590,1
DA:592,1
DA:593,1
DA:594,1
DA:595,1
DA:596,1
DA:597,1
DA:598,1
DA:599,1
DA:600,1
DA:603,1
DA:604,1
DA:605,1
DA:606,1
DA:616,1
DA:617,1
DA:618,1
DA:619,1
DA:620,1
DA:621,1
DA:622,1
DA:623,1
DA:624,1
DA:626,1
DA:627,1
DA:628,1
DA:629,1
DA:630,1
DA:633,1
DA:636,1
DA:637,1
DA:639,1
DA:640,1
DA:641,1
DA:642,2
DA:643,1
DA:646,1
DA:649,1
DA:650,1
DA:651,1
DA:654,1
DA:655,1
DA:656,1
DA:657,1
DA:658,1
DA:660,1
DA:661,1
DA:662,1
DA:663,1
DA:664,1
DA:667,1
DA:668,1
DA:669,1
DA:672,1
DA:673,1
DA:674,1
DA:675,1
DA:676,1
DA:677,1
DA:678,1
DA:680,1
DA:681,1
DA:682,1
DA:683,1
DA:684,1
DA:685,1
DA:686,1
DA:689,1
DA:690,1
DA:691,1
DA:693,1
DA:694,1
DA:695,1
DA:696,1
DA:699,1
DA:700,1
DA:701,1
DA:702,1
DA:703,1
DA:704,1
DA:705,1
DA:706,1
DA:707,1
DA:708,1
DA:709,1
DA:712,1
DA:713,1
DA:714,1
DA:717,1
DA:718,1
DA:719,1
DA:721,1
DA:722,1
DA:723,1
DA:727,1
DA:728,1
DA:729,1
DA:730,1
DA:731,1
DA:734,1
DA:735,1
DA:736,1
DA:737,1
DA:738,1
DA:739,1
DA:742,1
DA:743,1
DA:744,1
DA:747,1
DA:748,1
DA:749,1
DA:750,1
DA:752,1
DA:753,1
DA:758,1
DA:759,1
DA:761,1
DA:762,1
DA:767,1
DA:768,1
DA:769,1
DA:771,1
DA:772,1
DA:779,1
DA:780,1
DA:781,1
DA:782,1
DA:784,1
DA:785,1
DA:788,1
DA:789,1
DA:790,1
DA:791,1
DA:794,1
DA:795,1
DA:796,1
DA:798,1
DA:799,1
DA:802,1
DA:803,1
DA:805,1
DA:806,1
DA:811,1
DA:812,1
DA:813,1
DA:817,1
DA:818,1
DA:819,1
DA:820,1
DA:821,1
DA:822,1
DA:823,1
DA:824,1
DA:825,1
DA:827,1
DA:828,1
DA:829,1
DA:830,1
DA:831,1
DA:835,1
DA:836,1
LF:448
LH:393
BRDA:9,0,0,3
BRDA:9,0,1,7
BRDA:38,1,0,0
BRDA:38,1,1,0
BRDA:45,2,0,0
BRDA:45,2,1,0
BRDA:45,3,0,0
BRDA:45,3,1,0
BRDA:57,4,0,0
BRDA:57,4,1,0
BRDA:58,5,0,0
BRDA:58,5,1,0
BRDA:59,6,0,0
BRDA:59,6,1,0
BRDA:59,7,0,0
BRDA:59,7,1,0
BRDA:59,7,2,0
BRDA:59,7,3,0
BRDA:63,8,0,0
BRDA:63,8,1,0
BRDA:63,9,0,0
BRDA:63,9,1,0
BRDA:69,10,0,0
BRDA:69,10,1,0
BRDA:69,11,0,0
BRDA:69,11,1,0
BRDA:103,12,0,1
BRDA:103,12,1,1
BRDA:105,13,0,0
BRDA:105,13,1,2
BRDA:105,14,0,2
BRDA:105,14,1,2
BRDA:137,15,0,1
BRDA:137,15,1,1
BRDA:137,15,2,1
BRDA:139,16,0,1
BRDA:139,16,1,0
BRDA:139,16,2,0
BRDA:139,16,3,0
BRDA:141,17,0,0
BRDA:141,17,1,0
BRDA:147,18,0,0
BRDA:147,18,1,1
BRDA:150,19,0,1
BRDA:150,19,1,1
BRDA:150,19,2,1
BRDA:151,20,0,1
BRDA:151,20,1,0
BRDA:154,21,0,0
BRDA:154,21,1,0
BRDA:169,22,0,95
BRDA:169,22,1,95
BRDA:192,23,0,0
BRDA:192,23,1,4
BRDA:204,24,0,0
BRDA:204,24,1,2
BRDA:214,25,0,1
BRDA:214,25,1,2
BRDA:219,26,0,0
BRDA:219,26,1,2
BRDA:254,27,0,97
BRDA:254,27,1,3
BRDA:267,28,0,0
BRDA:267,28,1,107
BRDA:267,29,0,107
BRDA:267,29,1,107
BRDA:270,30,0,1
BRDA:270,30,1,106
BRDA:277,31,0,1
BRDA:277,31,1,106
BRDA:280,32,0,0
BRDA:280,32,1,107
BRDA:284,33,0,1
BRDA:284,33,1,106
BRDA:284,34,0,107
BRDA:284,34,1,107
BRDA:290,35,0,1
BRDA:290,35,1,106
BRDA:298,36,0,102
BRDA:298,36,1,5
BRDA:311,37,0,4
BRDA:311,37,1,117
BRDA:314,38,0,105
BRDA:314,38,1,12
BRDA:317,39,0,9
BRDA:317,39,1,3
BRDA:320,40,0,9
BRDA:320,40,1,0
BRDA:325,41,0,3
BRDA:325,41,1,0
BRDA:327,42,0,4
BRDA:327,42,1,8
BRDA:346,43,0,1
BRDA:346,43,1,1
BRDA:346,43,2,1
BRDA:347,44,0,0
BRDA:347,44,1,2
BRDA:347,45,0,2
BRDA:347,45,1,0
BRDA:348,46,0,0
BRDA:348,46,1,2
BRDA:348,47,0,2
BRDA:348,47,1,2
BRDA:349,48,0,2
BRDA:349,48,1,0
BRDA:349,49,0,2
BRDA:349,49,1,0
BRDA:349,50,0,0
BRDA:349,50,1,2
BRDA:349,51,0,2
BRDA:349,51,1,0
BRDA:350,52,0,2
BRDA:350,52,1,2
BRDA:350,52,2,2
BRDA:390,53,0,844
BRDA:390,53,1,840
BRDA:405,54,0,0
BRDA:405,54,1,0
BRDA:413,55,0,2
BRDA:413,55,1,431
BRDA:487,56,0,2
BRDA:487,56,1,409
BRDA:497,57,0,2
BRDA:497,57,1,409
BRDA:508,58,0,4
BRDA:508,58,1,98
BRDA:511,59,0,101
BRDA:511,59,1,1
BRDA:514,60,0,2
BRDA:514,60,1,100
BRDA:517,61,0,2
BRDA:517,61,1,100
BRDA:520,62,0,1
BRDA:520,62,1,101
BRDA:523,63,0,0
BRDA:523,63,1,102
BRDA:526,64,0,1
BRDA:526,64,1,101
BRDA:526,65,0,102
BRDA:526,65,1,4
BRDA:529,66,0,1
BRDA:529,66,1,101
BRDA:532,67,0,0
BRDA:532,67,1,102
BRDA:535,68,0,0
BRDA:535,68,1,102
BRDA:538,69,0,0
BRDA:538,69,1,102
BRDA:539,70,0,0
BRDA:539,70,1,0
BRDA:542,71,0,0
BRDA:542,71,1,0
BRDA:542,72,0,0
BRDA:542,72,1,0
BRDA:552,73,0,0
BRDA:552,73,1,0
BRDA:555,74,0,0
BRDA:555,74,1,0
BRDA:558,75,0,0
BRDA:558,75,1,0
BRDA:561,76,0,0
BRDA:561,76,1,0
BRDA:629,77,0,1
BRDA:629,77,1,0
BRDA:642,78,0,1
BRDA:642,78,1,1
BRDA:663,79,0,1
BRDA:663,79,1,0
BRDA:685,80,0,1
BRDA:685,80,1,0
BRDA:738,81,0,1
BRDA:738,81,1,0
BRF:172
BRH:100
end_of_record
TN:
SF:C:\Users\Людмила\Desktop\FSD_slider\test\observer.spec.ts
FN:1,(anonymous_0)
FN:6,__webpack_require__
FN:37,(anonymous_2)
FN:44,(anonymous_3)
FN:56,(anonymous_4)
FN:63,(anonymous_5)
FN:68,(anonymous_6)
FN:70,getDefault
FN:71,getModuleExports
FN:77,(anonymous_9)
FN:94,(anonymous_10)
FN:100,(anonymous_11)
FN:104,bind
FN:110,(anonymous_13)
FN:133,(anonymous_14)
FN:137,(anonymous_15)
FN:145,(anonymous_16)
FN:146,Observable
FN:149,(anonymous_18)
FN:152,(anonymous_19)
FN:153,(anonymous_20)
FN:175,(anonymous_21)
FN:204,(anonymous_22)
FN:214,(anonymous_23)
FN:218,(anonymous_24)
FN:219,(anonymous_25)
FN:220,(anonymous_26)
FN:223,(anonymous_27)
FN:225,(anonymous_28)
FN:234,(anonymous_29)
FN:235,(anonymous_30)
FN:236,(anonymous_31)
FN:239,(anonymous_32)
FN:242,(anonymous_33)
FNF:34
FNH:24
FNDA:1,(anonymous_0)
FNDA:4,__webpack_require__
FNDA:0,(anonymous_2)
FNDA:0,(anonymous_3)
FNDA:0,(anonymous_4)
FNDA:0,(anonymous_5)
FNDA:0,(anonymous_6)
FNDA:0,getDefault
FNDA:0,getModuleExports
FNDA:0,(anonymous_9)
FNDA:1,(anonymous_10)
FNDA:1,(anonymous_11)
FNDA:2,bind
FNDA:6,(anonymous_13)
FNDA:1,(anonymous_14)
FNDA:2,(anonymous_15)
FNDA:1,(anonymous_16)
FNDA:186,Observable
FNDA:4,(anonymous_18)
FNDA:2,(anonymous_19)
FNDA:2,(anonymous_20)
FNDA:1,(anonymous_21)
FNDA:1,(anonymous_22)
FNDA:93,(anonymous_23)
FNDA:1,(anonymous_24)
FNDA:1,(anonymous_25)
FNDA:0,(anonymous_26)
FNDA:1,(anonymous_27)
FNDA:1,(anonymous_28)
FNDA:1,(anonymous_29)
FNDA:1,(anonymous_30)
FNDA:0,(anonymous_31)
FNDA:1,(anonymous_32)
FNDA:1,(anonymous_33)
DA:1,1
DA:3,1
DA:9,4
DA:10,0
DA:13,4
DA:20,4
DA:23,4
DA:26,4
DA:31,1
DA:34,1
DA:37,1
DA:38,0
DA:39,0
DA:44,1
DA:45,0
DA:46,0
DA:48,0
DA:56,1
DA:57,0
DA:58,0
DA:59,0
DA:60,0
DA:61,0
DA:62,0
DA:63,0
DA:64,0
DA:68,1
DA:69,0
DA:70,0
DA:71,0
DA:72,0
DA:73,0
DA:77,1
DA:80,1
DA:84,1
DA:98,1
DA:100,1
DA:101,1
DA:102,1
DA:105,2
DA:106,0
DA:108,2
DA:111,6
DA:113,6
DA:118,6
DA:122,1
DA:123,1
DA:137,1
DA:138,2
DA:139,2
DA:140,2
DA:141,2
DA:143,1
DA:144,1
DA:145,1
DA:147,186
DA:149,1
DA:150,4
DA:152,1
DA:153,2
DA:154,2
DA:157,1
DA:160,1
DA:163,1
DA:165,1
DA:179,1
DA:180,1
DA:194,1
DA:208,1
DA:209,1
DA:210,1
DA:213,1
DA:214,1
DA:215,93
DA:216,93
DA:218,1
DA:219,1
DA:220,1
DA:221,1
DA:223,1
DA:224,1
DA:225,1
DA:226,1
DA:227,1
DA:230,1
DA:231,1
DA:234,1
DA:235,1
DA:236,1
DA:237,1
DA:239,1
DA:240,1
DA:241,1
DA:242,1
DA:243,1
DA:244,1
DA:246,1
DA:247,1
DA:248,1
LF:99
LH:79
BRDA:9,0,0,0
BRDA:9,0,1,4
BRDA:38,1,0,0
BRDA:38,1,1,0
BRDA:45,2,0,0
BRDA:45,2,1,0
BRDA:45,3,0,0
BRDA:45,3,1,0
BRDA:57,4,0,0
BRDA:57,4,1,0
BRDA:58,5,0,0
BRDA:58,5,1,0
BRDA:59,6,0,0
BRDA:59,6,1,0
BRDA:59,7,0,0
BRDA:59,7,1,0
BRDA:59,7,2,0
BRDA:59,7,3,0
BRDA:63,8,0,0
BRDA:63,8,1,0
BRDA:63,9,0,0
BRDA:63,9,1,0
BRDA:69,10,0,0
BRDA:69,10,1,0
BRDA:69,11,0,0
BRDA:69,11,1,0
BRDA:103,12,0,1
BRDA:103,12,1,1
BRDA:105,13,0,0
BRDA:105,13,1,2
BRDA:105,14,0,2
BRDA:105,14,1,2
BRDA:137,15,0,1
BRDA:137,15,1,1
BRDA:137,15,2,1
BRDA:138,16,0,0
BRDA:138,16,1,2
BRDA:138,17,0,2
BRDA:138,17,1,0
BRDA:139,18,0,0
BRDA:139,18,1,2
BRDA:139,19,0,2
BRDA:139,19,1,2
BRDA:140,20,0,2
BRDA:140,20,1,0
BRDA:140,21,0,2
BRDA:140,21,1,0
BRDA:140,22,0,0
BRDA:140,22,1,2
BRDA:140,23,0,2
BRDA:140,23,1,0
BRDA:141,24,0,2
BRDA:141,24,1,2
BRDA:141,24,2,2
BRDA:226,25,0,1
BRDA:226,25,1,0
BRF:56
BRH:22
end_of_record
TN:
SF:C:\Users\Людмила\Desktop\FSD_slider\test\presenter.spec.ts
FN:1,(anonymous_0)
FN:6,__webpack_require__
FN:37,(anonymous_2)
FN:44,(anonymous_3)
FN:56,(anonymous_4)
FN:63,(anonymous_5)
FN:68,(anonymous_6)
FN:70,getDefault
FN:71,getModuleExports
FN:77,(anonymous_9)
FN:94,(anonymous_10)
FN:100,(anonymous_11)
FN:104,bind
FN:110,(anonymous_13)
FN:133,(anonymous_14)
FN:137,(anonymous_15)
FN:138,(anonymous_16)
FN:140,(anonymous_17)
FN:141,(anonymous_18)
FN:144,(anonymous_19)
FN:146,__
FN:150,(anonymous_21)
FN:151,(anonymous_22)
FN:166,(anonymous_23)
FN:168,Model
FN:186,(anonymous_25)
FN:201,(anonymous_26)
FN:213,(anonymous_27)
FN:228,(anonymous_28)
FN:240,(anonymous_29)
FN:243,(anonymous_30)
FN:253,(anonymous_31)
FN:262,(anonymous_32)
FN:307,(anonymous_33)
FN:342,(anonymous_34)
FN:346,(anonymous_35)
FN:354,(anonymous_36)
FN:355,Observable
FN:358,(anonymous_38)
FN:361,(anonymous_39)
FN:362,(anonymous_40)
FN:384,(anonymous_41)
FN:388,(anonymous_42)
FN:389,(anonymous_43)
FN:391,(anonymous_44)
FN:392,(anonymous_45)
FN:395,(anonymous_46)
FN:397,__
FN:401,(anonymous_48)
FN:402,(anonymous_49)
FN:415,(anonymous_50)
FN:417,Presenter
FN:421,(anonymous_52)
FN:431,(anonymous_53)
FN:458,(anonymous_54)
FN:466,(anonymous_55)
FN:469,(anonymous_56)
FN:484,(anonymous_57)
FN:488,(anonymous_58)
FN:489,(anonymous_59)
FN:491,(anonymous_60)
FN:492,(anonymous_61)
FN:495,(anonymous_62)
FN:497,__
FN:501,(anonymous_64)
FN:502,(anonymous_65)
FN:512,(anonymous_66)
FN:524,(anonymous_67)
FN:526,View
FN:540,(anonymous_69)
FN:547,(anonymous_70)
FN:553,(anonymous_71)
FN:563,(anonymous_72)
FN:566,(anonymous_73)
FN:575,(anonymous_74)
FN:601,(anonymous_75)
FN:635,(anonymous_76)
FN:642,(anonymous_77)
FN:681,(anonymous_78)
FN:687,(anonymous_79)
FN:696,(anonymous_80)
FN:710,(anonymous_81)
FN:723,(anonymous_82)
FN:731,(anonymous_83)
FN:736,(anonymous_84)
FN:766,(anonymous_85)
FN:783,(anonymous_86)
FN:802,(anonymous_87)
FN:808,(anonymous_88)
FN:814,(anonymous_89)
FN:826,(anonymous_90)
FN:832,(anonymous_91)
FN:838,(anonymous_92)
FN:869,(anonymous_93)
FN:874,isNumeric
FN:878,deepEqual
FN:882,getNumberOfSteps
FN:886,findValueByOffsetRacio
FN:896,normalizeNumber
FN:914,(anonymous_99)
FN:943,(anonymous_100)
FN:969,validateNumbers
FN:971,(anonymous_102)
FN:979,validateIntegers
FN:981,(anonymous_104)
FN:989,validateModel
FN:1034,validateView
FN:1061,(anonymous_107)
FN:1075,(anonymous_108)
FN:1083,(anonymous_109)
FN:1086,(anonymous_110)
FN:1087,(anonymous_111)
FN:1090,(anonymous_112)
FN:1094,(anonymous_113)
FN:1099,(anonymous_114)
FN:1100,(anonymous_115)
FN:1101,(anonymous_116)
FN:1112,(anonymous_117)
FN:1116,(anonymous_118)
FN:1132,(anonymous_119)
FN:1133,(anonymous_120)
FN:1138,(anonymous_121)
FN:1139,(anonymous_122)
FNF:123
FNH:95
FNDA:1,(anonymous_0)
FNDA:18,__webpack_require__
FNDA:0,(anonymous_2)
FNDA:0,(anonymous_3)
FNDA:0,(anonymous_4)
FNDA:0,(anonymous_5)
FNDA:0,(anonymous_6)
FNDA:0,getDefault
FNDA:0,getModuleExports
FNDA:0,(anonymous_9)
FNDA:1,(anonymous_10)
FNDA:1,(anonymous_11)
FNDA:6,bind
FNDA:377,(anonymous_13)
FNDA:1,(anonymous_14)
FNDA:1,(anonymous_15)
FNDA:1,(anonymous_16)
FNDA:0,(anonymous_17)
FNDA:0,(anonymous_18)
FNDA:1,(anonymous_19)
FNDA:1,__
FNDA:1,(anonymous_21)
FNDA:0,(anonymous_22)
FNDA:1,(anonymous_23)
FNDA:93,Model
FNDA:2,(anonymous_25)
FNDA:0,(anonymous_26)
FNDA:0,(anonymous_27)
FNDA:104,(anonymous_28)
FNDA:3,(anonymous_29)
FNDA:95,(anonymous_30)
FNDA:95,(anonymous_31)
FNDA:95,(anonymous_32)
FNDA:95,(anonymous_33)
FNDA:1,(anonymous_34)
FNDA:2,(anonymous_35)
FNDA:1,(anonymous_36)
FNDA:279,Observable
FNDA:187,(anonymous_38)
FNDA:4,(anonymous_39)
FNDA:3,(anonymous_40)
FNDA:1,(anonymous_41)
FNDA:1,(anonymous_42)
FNDA:1,(anonymous_43)
FNDA:0,(anonymous_44)
FNDA:0,(anonymous_45)
FNDA:1,(anonymous_46)
FNDA:1,__
FNDA:1,(anonymous_48)
FNDA:0,(anonymous_49)
FNDA:1,(anonymous_50)
FNDA:93,Presenter
FNDA:2,(anonymous_52)
FNDA:0,(anonymous_53)
FNDA:2,(anonymous_54)
FNDA:3,(anonymous_55)
FNDA:3,(anonymous_56)
FNDA:1,(anonymous_57)
FNDA:1,(anonymous_58)
FNDA:1,(anonymous_59)
FNDA:0,(anonymous_60)
FNDA:0,(anonymous_61)
FNDA:1,(anonymous_62)
FNDA:1,__
FNDA:1,(anonymous_64)
FNDA:0,(anonymous_65)
FNDA:4,(anonymous_66)
FNDA:1,(anonymous_67)
FNDA:93,View
FNDA:0,(anonymous_69)
FNDA:2,(anonymous_70)
FNDA:7,(anonymous_71)
FNDA:3,(anonymous_72)
FNDA:0,(anonymous_73)
FNDA:0,(anonymous_74)
FNDA:0,(anonymous_75)
FNDA:0,(anonymous_76)
FNDA:95,(anonymous_77)
FNDA:2,(anonymous_78)
FNDA:95,(anonymous_79)
FNDA:95,(anonymous_80)
FNDA:95,(anonymous_81)
FNDA:95,(anonymous_82)
FNDA:95,(anonymous_83)
FNDA:95,(anonymous_84)
FNDA:95,(anonymous_85)
FNDA:190,(anonymous_86)
FNDA:0,(anonymous_87)
FNDA:0,(anonymous_88)
FNDA:95,(anonymous_89)
FNDA:475,(anonymous_90)
FNDA:855,(anonymous_91)
FNDA:190,(anonymous_92)
FNDA:1,(anonymous_93)
FNDA:855,isNumeric
FNDA:2,deepEqual
FNDA:1140,getNumberOfSteps
FNDA:0,findValueByOffsetRacio
FNDA:380,normalizeNumber
FNDA:1,(anonymous_99)
FNDA:1,(anonymous_100)
FNDA:95,validateNumbers
FNDA:380,(anonymous_102)
FNDA:95,validateIntegers
FNDA:380,(anonymous_104)
FNDA:95,validateModel
FNDA:95,validateView
FNDA:1,(anonymous_107)
FNDA:93,(anonymous_108)
FNDA:93,(anonymous_109)
FNDA:1,(anonymous_110)
FNDA:1,(anonymous_111)
FNDA:1,(anonymous_112)
FNDA:1,(anonymous_113)
FNDA:1,(anonymous_114)
FNDA:1,(anonymous_115)
FNDA:1,(anonymous_116)
FNDA:1,(anonymous_117)
FNDA:1,(anonymous_118)
FNDA:1,(anonymous_119)
FNDA:1,(anonymous_120)
FNDA:1,(anonymous_121)
FNDA:1,(anonymous_122)
DA:1,1
DA:3,1
DA:9,18
DA:10,9
DA:13,9
DA:20,9
DA:23,9
DA:26,9
DA:31,1
DA:34,1
DA:37,1
DA:38,0
DA:39,0
DA:44,1
DA:45,0
DA:46,0
DA:48,0
DA:56,1
DA:57,0
DA:58,0
DA:59,0
DA:60,0
DA:61,0
DA:62,0
DA:63,0
DA:64,0
DA:68,1
DA:69,0
DA:70,0
DA:71,0
DA:72,0
DA:73,0
DA:77,1
DA:80,1
DA:84,1
DA:98,1
DA:100,1
DA:101,1
DA:102,1
DA:105,6
DA:106,0
DA:108,6
DA:111,377
DA:113,377
DA:118,377
DA:122,1
DA:123,1
DA:137,1
DA:138,1
DA:139,1
DA:140,0
DA:141,0
DA:142,1
DA:144,1
DA:145,1
DA:146,1
DA:147,1
DA:150,1
DA:151,1
DA:152,0
DA:153,0
DA:154,0
DA:155,0
DA:157,0
DA:159,1
DA:161,1
DA:162,1
DA:163,1
DA:164,1
DA:165,1
DA:166,1
DA:167,1
DA:169,93
DA:170,93
DA:171,93
DA:172,93
DA:173,93
DA:174,93
DA:175,93
DA:176,93
DA:177,93
DA:178,93
DA:179,93
DA:180,93
DA:181,93
DA:182,93
DA:183,93
DA:184,93
DA:186,1
DA:187,2
DA:188,2
DA:189,2
DA:190,2
DA:191,2
DA:192,2
DA:193,0
DA:195,2
DA:196,2
DA:201,1
DA:202,0
DA:203,0
DA:204,0
DA:205,0
DA:207,0
DA:208,0
DA:213,1
DA:214,0
DA:215,0
DA:217,0
DA:218,0
DA:219,0
DA:220,0
DA:222,0
DA:223,0
DA:228,1
DA:229,104
DA:240,1
DA:241,3
DA:243,1
DA:244,95
DA:245,95
DA:246,95
DA:247,95
DA:248,95
DA:249,95
DA:250,95
DA:251,95
DA:253,1
DA:254,95
DA:255,95
DA:257,0
DA:262,1
DA:264,95
DA:265,95
DA:266,95
DA:267,95
DA:268,0
DA:270,95
DA:271,0
DA:272,0
DA:274,95
DA:275,95
DA:276,95
DA:277,95
DA:278,0
DA:280,95
DA:281,0
DA:282,0
DA:284,95
DA:285,0
DA:287,95
DA:288,95
DA:289,95
DA:290,95
DA:291,0
DA:293,95
DA:296,95
DA:297,95
DA:298,95
DA:299,95
DA:302,0
DA:303,0
DA:305,95
DA:307,1
DA:310,95
DA:311,95
DA:312,0
DA:314,95
DA:315,95
DA:317,0
DA:318,0
DA:319,0
DA:320,0
DA:323,0
DA:324,0
DA:325,0
DA:327,0
DA:328,0
DA:330,1
DA:332,1
DA:346,1
DA:347,2
DA:348,2
DA:349,2
DA:350,2
DA:352,1
DA:353,1
DA:354,1
DA:356,279
DA:358,1
DA:359,187
DA:361,1
DA:362,4
DA:363,3
DA:366,1
DA:369,1
DA:372,1
DA:374,1
DA:388,1
DA:389,1
DA:390,1
DA:391,0
DA:392,0
DA:393,1
DA:395,1
DA:396,1
DA:397,1
DA:398,1
DA:401,1
DA:402,1
DA:403,0
DA:404,0
DA:405,0
DA:406,0
DA:408,0
DA:410,1
DA:412,1
DA:413,1
DA:414,1
DA:415,1
DA:416,1
DA:418,93
DA:419,93
DA:420,93
DA:421,93
DA:422,2
DA:424,0
DA:425,0
DA:426,0
DA:428,2
DA:431,93
DA:433,0
DA:435,0
DA:436,0
DA:437,0
DA:440,0
DA:442,0
DA:444,0
DA:445,0
DA:446,0
DA:449,0
DA:451,0
DA:453,0
DA:456,93
DA:458,1
DA:459,2
DA:460,2
DA:461,2
DA:462,2
DA:463,2
DA:464,2
DA:466,1
DA:467,3
DA:469,1
DA:470,3
DA:472,1
DA:474,1
DA:488,1
DA:489,1
DA:490,1
DA:491,0
DA:492,0
DA:493,1
DA:495,1
DA:496,1
DA:497,1
DA:498,1
DA:501,1
DA:502,1
DA:503,0
DA:504,0
DA:505,0
DA:506,0
DA:508,0
DA:510,1
DA:512,1
DA:513,4
DA:514,4
DA:515,4
DA:516,4
DA:518,1
DA:519,1
DA:520,1
DA:521,1
DA:522,1
DA:523,1
DA:524,1
DA:525,1
DA:527,93
DA:528,93
DA:529,93
DA:530,93
DA:531,93
DA:532,93
DA:533,93
DA:534,93
DA:535,93
DA:536,93
DA:537,93
DA:538,93
DA:540,1
DA:541,0
DA:542,0
DA:543,0
DA:544,0
DA:547,1
DA:548,2
DA:549,2
DA:550,2
DA:551,2
DA:553,1
DA:554,7
DA:555,7
DA:556,7
DA:563,1
DA:564,3
DA:566,1
DA:567,0
DA:568,0
DA:569,0
DA:570,0
DA:571,0
DA:572,0
DA:573,0
DA:575,1
DA:576,0
DA:577,0
DA:579,0
DA:580,0
DA:581,0
DA:584,0
DA:585,0
DA:587,0
DA:588,0
DA:589,0
DA:595,0
DA:601,1
DA:602,0
DA:603,0
DA:604,0
DA:605,0
DA:607,0
DA:608,0
DA:610,0
DA:611,0
DA:614,0
DA:615,0
DA:616,0
DA:617,0
DA:618,0
DA:619,0
DA:620,0
DA:622,0
DA:623,0
DA:629,0
DA:635,1
DA:636,0
DA:637,0
DA:638,0
DA:639,0
DA:640,0
DA:642,1
DA:643,95
DA:644,95
DA:645,95
DA:646,95
DA:647,95
DA:648,95
DA:649,95
DA:650,95
DA:653,0
DA:654,0
DA:655,0
DA:656,0
DA:657,0
DA:659,95
DA:660,95
DA:661,95
DA:662,95
DA:663,95
DA:666,0
DA:667,0
DA:669,95
DA:670,95
DA:673,0
DA:675,95
DA:676,95
DA:677,95
DA:678,95
DA:679,95
DA:681,1
DA:682,2
DA:683,2
DA:684,2
DA:685,2
DA:687,1
DA:688,95
DA:689,95
DA:691,0
DA:696,1
DA:697,95
DA:698,95
DA:699,95
DA:700,95
DA:701,95
DA:702,95
DA:705,0
DA:708,95
DA:710,1
DA:711,95
DA:712,95
DA:713,95
DA:714,95
DA:715,95
DA:716,95
DA:719,0
DA:720,0
DA:723,1
DA:724,95
DA:725,95
DA:726,95
DA:727,95
DA:728,95
DA:729,95
DA:731,1
DA:732,95
DA:733,95
DA:734,95
DA:736,1
DA:737,95
DA:741,95
DA:742,95
DA:743,95
DA:744,95
DA:745,1045
DA:746,1045
DA:747,1045
DA:750,0
DA:751,0
DA:753,1045
DA:754,1045
DA:755,1045
DA:756,1045
DA:757,1045
DA:758,1045
DA:759,1045
DA:760,1045
DA:761,1045
DA:763,95
DA:764,95
DA:766,1
DA:767,95
DA:768,0
DA:769,95
DA:770,0
DA:771,95
DA:772,95
DA:773,95
DA:774,95
DA:775,95
DA:776,95
DA:779,0
DA:780,0
DA:783,1
DA:784,190
DA:785,190
DA:786,190
DA:787,190
DA:790,0
DA:791,0
DA:793,190
DA:794,190
DA:795,0
DA:798,190
DA:802,1
DA:803,0
DA:806,0
DA:808,1
DA:809,0
DA:812,0
DA:814,1
DA:815,95
DA:816,95
DA:817,95
DA:818,95
DA:819,0
DA:821,95
DA:822,95
DA:824,0
DA:826,1
DA:827,475
DA:828,475
DA:829,855
DA:831,475
DA:832,475
DA:833,855
DA:835,475
DA:836,475
DA:838,1
DA:839,190
DA:840,190
DA:843,190
DA:845,1
DA:848,1
DA:851,1
DA:854,1
DA:857,1
DA:859,1
DA:873,1
DA:875,855
DA:877,1
DA:879,2
DA:881,1
DA:883,1140
DA:885,1
DA:887,0
DA:889,0
DA:890,0
DA:893,0
DA:895,1
DA:897,380
DA:898,380
DA:899,0
DA:901,380
DA:902,380
DA:904,1
DA:918,1
DA:919,1
DA:933,1
DA:947,1
DA:948,1
DA:949,1
DA:961,1
DA:962,1
DA:968,1
DA:970,95
DA:971,95
DA:972,380
DA:973,0
DA:976,95
DA:978,1
DA:980,95
DA:981,95
DA:982,380
DA:983,0
DA:986,95
DA:988,1
DA:990,95
DA:991,95
DA:992,95
DA:993,95
DA:994,0
DA:996,95
DA:997,95
DA:999,95
DA:1000,0
DA:1002,95
DA:1003,0
DA:1005,95
DA:1006,0
DA:1008,95
DA:1009,0
DA:1011,95
DA:1012,0
DA:1014,95
DA:1015,0
DA:1017,95
DA:1018,0
DA:1020,95
DA:1021,0
DA:1023,95
DA:1024,0
DA:1025,0
DA:1027,0
DA:1028,0
DA:1031,95
DA:1033,1
DA:1035,95
DA:1036,95
DA:1037,95
DA:1038,0
DA:1040,95
DA:1041,0
DA:1043,95
DA:1044,0
DA:1046,95
DA:1047,0
DA:1049,95
DA:1051,1
DA:1065,1
DA:1066,1
DA:1067,1
DA:1068,1
DA:1069,1
DA:1075,1
DA:1076,93
DA:1077,93
DA:1078,93
DA:1079,93
DA:1080,93
DA:1081,93
DA:1083,1
DA:1084,93
DA:1086,1
DA:1087,1
DA:1088,1
DA:1090,1
DA:1091,1
DA:1092,1
DA:1094,1
DA:1095,1
DA:1096,1
DA:1099,1
DA:1100,1
DA:1101,1
DA:1102,1
DA:1107,1
DA:1108,1
DA:1109,1
DA:1110,1
DA:1112,1
DA:1113,1
DA:1114,1
DA:1115,1
DA:1116,1
DA:1117,1
DA:1118,1
DA:1119,1
DA:1121,1
DA:1126,1
DA:1127,1
DA:1128,1
DA:1129,1
DA:1132,1
DA:1133,1
DA:1134,1
DA:1135,1
DA:1138,1
DA:1139,1
DA:1140,1
DA:1141,1
DA:1142,1
LF:642
LH:455
BRDA:9,0,0,9
BRDA:9,0,1,9
BRDA:38,1,0,0
BRDA:38,1,1,0
BRDA:45,2,0,0
BRDA:45,2,1,0
BRDA:45,3,0,0
BRDA:45,3,1,0
BRDA:57,4,0,0
BRDA:57,4,1,0
BRDA:58,5,0,0
BRDA:58,5,1,0
BRDA:59,6,0,0
BRDA:59,6,1,0
BRDA:59,7,0,0
BRDA:59,7,1,0
BRDA:59,7,2,0
BRDA:59,7,3,0
BRDA:63,8,0,0
BRDA:63,8,1,0
BRDA:63,9,0,0
BRDA:63,9,1,0
BRDA:69,10,0,0
BRDA:69,10,1,0
BRDA:69,11,0,0
BRDA:69,11,1,0
BRDA:103,12,0,1
BRDA:103,12,1,1
BRDA:105,13,0,0
BRDA:105,13,1,6
BRDA:105,14,0,6
BRDA:105,14,1,6
BRDA:137,15,0,1
BRDA:137,15,1,1
BRDA:137,15,2,1
BRDA:139,16,0,1
BRDA:139,16,1,0
BRDA:139,16,2,0
BRDA:139,16,3,0
BRDA:141,17,0,0
BRDA:141,17,1,0
BRDA:147,18,0,0
BRDA:147,18,1,1
BRDA:150,19,0,1
BRDA:150,19,1,1
BRDA:150,19,2,1
BRDA:151,20,0,1
BRDA:151,20,1,0
BRDA:154,21,0,0
BRDA:154,21,1,0
BRDA:169,22,0,93
BRDA:169,22,1,93
BRDA:192,23,0,0
BRDA:192,23,1,2
BRDA:204,24,0,0
BRDA:204,24,1,0
BRDA:214,25,0,0
BRDA:214,25,1,0
BRDA:219,26,0,0
BRDA:219,26,1,0
BRDA:254,27,0,95
BRDA:254,27,1,0
BRDA:267,28,0,0
BRDA:267,28,1,95
BRDA:267,29,0,95
BRDA:267,29,1,95
BRDA:270,30,0,0
BRDA:270,30,1,95
BRDA:277,31,0,0
BRDA:277,31,1,95
BRDA:280,32,0,0
BRDA:280,32,1,95
BRDA:284,33,0,0
BRDA:284,33,1,95
BRDA:284,34,0,95
BRDA:284,34,1,95
BRDA:290,35,0,0
BRDA:290,35,1,95
BRDA:298,36,0,95
BRDA:298,36,1,0
BRDA:311,37,0,0
BRDA:311,37,1,95
BRDA:314,38,0,95
BRDA:314,38,1,0
BRDA:317,39,0,0
BRDA:317,39,1,0
BRDA:320,40,0,0
BRDA:320,40,1,0
BRDA:325,41,0,0
BRDA:325,41,1,0
BRDA:327,42,0,0
BRDA:327,42,1,0
BRDA:346,43,0,1
BRDA:346,43,1,1
BRDA:346,43,2,1
BRDA:347,44,0,0
BRDA:347,44,1,2
BRDA:347,45,0,2
BRDA:347,45,1,0
BRDA:348,46,0,0
BRDA:348,46,1,2
BRDA:348,47,0,2
BRDA:348,47,1,2
BRDA:349,48,0,2
BRDA:349,48,1,0
BRDA:349,49,0,2
BRDA:349,49,1,0
BRDA:349,50,0,0
BRDA:349,50,1,2
BRDA:349,51,0,2
BRDA:349,51,1,0
BRDA:350,52,0,2
BRDA:350,52,1,2
BRDA:350,52,2,2
BRDA:388,53,0,1
BRDA:388,53,1,1
BRDA:388,53,2,1
BRDA:390,54,0,1
BRDA:390,54,1,0
BRDA:390,54,2,0
BRDA:390,54,3,0
BRDA:392,55,0,0
BRDA:392,55,1,0
BRDA:398,56,0,0
BRDA:398,56,1,1
BRDA:401,57,0,1
BRDA:401,57,1,1
BRDA:401,57,2,1
BRDA:402,58,0,1
BRDA:402,58,1,0
BRDA:405,59,0,0
BRDA:405,59,1,0
BRDA:418,60,0,93
BRDA:418,60,1,93
BRDA:422,61,0,0
BRDA:422,61,1,2
BRDA:433,62,0,0
BRDA:433,62,1,0
BRDA:433,62,2,0
BRDA:436,63,0,0
BRDA:436,63,1,0
BRDA:445,64,0,0
BRDA:445,64,1,0
BRDA:488,65,0,1
BRDA:488,65,1,1
BRDA:488,65,2,1
BRDA:490,66,0,1
BRDA:490,66,1,0
BRDA:490,66,2,0
BRDA:490,66,3,0
BRDA:492,67,0,0
BRDA:492,67,1,0
BRDA:498,68,0,0
BRDA:498,68,1,1
BRDA:501,69,0,1
BRDA:501,69,1,1
BRDA:501,69,2,1
BRDA:502,70,0,1
BRDA:502,70,1,0
BRDA:505,71,0,0
BRDA:505,71,1,0
BRDA:512,72,0,1
BRDA:512,72,1,1
BRDA:512,72,2,1
BRDA:513,73,0,0
BRDA:513,73,1,4
BRDA:513,74,0,4
BRDA:513,74,1,0
BRDA:514,75,0,0
BRDA:514,75,1,4
BRDA:514,76,0,4
BRDA:514,76,1,4
BRDA:515,77,0,4
BRDA:515,77,1,0
BRDA:515,78,0,4
BRDA:515,78,1,0
BRDA:515,79,0,0
BRDA:515,79,1,4
BRDA:515,80,0,4
BRDA:515,80,1,0
BRDA:516,81,0,4
BRDA:516,81,1,4
BRDA:516,81,2,4
BRDA:527,82,0,93
BRDA:527,82,1,93
BRDA:543,83,0,0
BRDA:543,83,1,0
BRDA:579,84,0,0
BRDA:579,84,1,0
BRDA:581,85,0,0
BRDA:581,85,1,0
BRDA:585,86,0,0
BRDA:585,86,1,0
BRDA:588,87,0,0
BRDA:588,87,1,0
BRDA:604,88,0,0
BRDA:604,88,1,0
BRDA:607,89,0,0
BRDA:607,89,1,0
BRDA:610,90,0,0
BRDA:610,90,1,0
BRDA:614,91,0,0
BRDA:614,91,1,0
BRDA:622,92,0,0
BRDA:622,92,1,0
BRDA:643,93,0,95
BRDA:643,93,1,0
BRDA:645,94,0,95
BRDA:645,94,1,0
BRDA:662,95,0,95
BRDA:662,95,1,0
BRDA:669,96,0,95
BRDA:669,96,1,0
BRDA:688,97,0,95
BRDA:688,97,1,0
BRDA:700,98,0,95
BRDA:700,98,1,0
BRDA:701,99,0,95
BRDA:701,99,1,0
BRDA:714,100,0,95
BRDA:714,100,1,0
BRDA:724,101,0,95
BRDA:724,101,1,0
BRDA:725,102,0,95
BRDA:725,102,1,0
BRDA:745,103,0,1045
BRDA:745,103,1,0
BRDA:755,104,0,0
BRDA:755,104,1,1045
BRDA:759,105,0,1045
BRDA:759,105,1,0
BRDA:767,106,0,0
BRDA:767,106,1,95
BRDA:769,107,0,0
BRDA:769,107,1,95
BRDA:772,108,0,0
BRDA:772,108,1,95
BRDA:773,109,0,0
BRDA:773,109,1,95
BRDA:774,110,0,95
BRDA:774,110,1,0
BRDA:785,111,0,190
BRDA:785,111,1,0
BRDA:793,112,0,190
BRDA:793,112,1,0
BRDA:794,113,0,0
BRDA:794,113,1,190
BRDA:794,114,0,190
BRDA:794,114,1,190
BRDA:803,115,0,0
BRDA:803,115,1,0
BRDA:809,116,0,0
BRDA:809,116,1,0
BRDA:817,117,0,95
BRDA:817,117,1,0
BRDA:818,118,0,0
BRDA:818,118,1,95
BRDA:818,119,0,95
BRDA:818,119,1,95
BRDA:821,120,0,95
BRDA:821,120,1,0
BRDA:840,121,0,190
BRDA:840,121,1,0
BRDA:875,122,0,855
BRDA:875,122,1,855
BRDA:890,123,0,0
BRDA:890,123,1,0
BRDA:898,124,0,0
BRDA:898,124,1,380
BRDA:972,125,0,0
BRDA:972,125,1,380
BRDA:982,126,0,0
BRDA:982,126,1,380
BRDA:993,127,0,0
BRDA:993,127,1,95
BRDA:996,128,0,95
BRDA:996,128,1,0
BRDA:999,129,0,0
BRDA:999,129,1,95
BRDA:1002,130,0,0
BRDA:1002,130,1,95
BRDA:1005,131,0,0
BRDA:1005,131,1,95
BRDA:1008,132,0,0
BRDA:1008,132,1,95
BRDA:1011,133,0,0
BRDA:1011,133,1,95
BRDA:1011,134,0,95
BRDA:1011,134,1,0
BRDA:1014,135,0,0
BRDA:1014,135,1,95
BRDA:1017,136,0,0
BRDA:1017,136,1,95
BRDA:1020,137,0,0
BRDA:1020,137,1,95
BRDA:1023,138,0,0
BRDA:1023,138,1,95
BRDA:1024,139,0,0
BRDA:1024,139,1,0
BRDA:1027,140,0,0
BRDA:1027,140,1,0
BRDA:1027,141,0,0
BRDA:1027,141,1,0
BRDA:1037,142,0,0
BRDA:1037,142,1,95
BRDA:1040,143,0,0
BRDA:1040,143,1,95
BRDA:1043,144,0,0
BRDA:1043,144,1,95
BRDA:1046,145,0,0
BRDA:1046,145,1,95
BRF:311
BRH:136
end_of_record
TN:
SF:C:\Users\Людмила\Desktop\FSD_slider\test\validations.spec.ts
FN:1,(anonymous_0)
FN:6,__webpack_require__
FN:37,(anonymous_2)
FN:44,(anonymous_3)
FN:56,(anonymous_4)
FN:63,(anonymous_5)
FN:68,(anonymous_6)
FN:70,getDefault
FN:71,getModuleExports
FN:77,(anonymous_9)
FN:94,(anonymous_10)
FN:99,isNumeric
FN:103,deepEqual
FN:107,getNumberOfSteps
FN:111,findValueByOffsetRacio
FN:121,normalizeNumber
FN:139,(anonymous_16)
FN:168,(anonymous_17)
FN:194,validateNumbers
FN:196,(anonymous_19)
FN:204,validateIntegers
FN:206,(anonymous_21)
FN:214,validateModel
FN:259,validateView
FN:286,(anonymous_24)
FN:294,(anonymous_25)
FN:295,(anonymous_26)
FN:298,(anonymous_27)
FN:299,(anonymous_28)
FN:303,(anonymous_29)
FN:307,(anonymous_30)
FN:311,(anonymous_31)
FN:315,(anonymous_32)
FN:321,(anonymous_33)
FN:325,(anonymous_34)
FN:329,(anonymous_35)
FN:333,(anonymous_36)
FN:337,(anonymous_37)
FN:343,(anonymous_38)
FN:344,(anonymous_39)
FN:347,(anonymous_40)
FN:348,(anonymous_41)
FN:356,(anonymous_42)
FN:360,(anonymous_43)
FN:364,(anonymous_44)
FN:370,(anonymous_45)
FN:371,(anonymous_46)
FN:379,(anonymous_47)
FN:380,(anonymous_48)
FNF:49
FNH:37
FNDA:1,(anonymous_0)
FNDA:4,__webpack_require__
FNDA:0,(anonymous_2)
FNDA:0,(anonymous_3)
FNDA:0,(anonymous_4)
FNDA:0,(anonymous_5)
FNDA:0,(anonymous_6)
FNDA:0,getDefault
FNDA:0,getModuleExports
FNDA:0,(anonymous_9)
FNDA:1,(anonymous_10)
FNDA:63,isNumeric
FNDA:0,deepEqual
FNDA:0,getNumberOfSteps
FNDA:0,findValueByOffsetRacio
FNDA:0,normalizeNumber
FNDA:1,(anonymous_16)
FNDA:1,(anonymous_17)
FNDA:17,validateNumbers
FNDA:63,(anonymous_19)
FNDA:14,validateIntegers
FNDA:52,(anonymous_21)
FNDA:12,validateModel
FNDA:7,validateView
FNDA:1,(anonymous_24)
FNDA:1,(anonymous_25)
FNDA:1,(anonymous_26)
FNDA:1,(anonymous_27)
FNDA:1,(anonymous_28)
FNDA:1,(anonymous_29)
FNDA:1,(anonymous_30)
FNDA:1,(anonymous_31)
FNDA:1,(anonymous_32)
FNDA:1,(anonymous_33)
FNDA:1,(anonymous_34)
FNDA:1,(anonymous_35)
FNDA:1,(anonymous_36)
FNDA:1,(anonymous_37)
FNDA:1,(anonymous_38)
FNDA:1,(anonymous_39)
FNDA:1,(anonymous_40)
FNDA:1,(anonymous_41)
FNDA:1,(anonymous_42)
FNDA:1,(anonymous_43)
FNDA:1,(anonymous_44)
FNDA:1,(anonymous_45)
FNDA:1,(anonymous_46)
FNDA:1,(anonymous_47)
FNDA:1,(anonymous_48)
DA:1,1
DA:3,1
DA:9,4
DA:10,0
DA:13,4
DA:20,4
DA:23,4
DA:26,4
DA:31,1
DA:34,1
DA:37,1
DA:38,0
DA:39,0
DA:44,1
DA:45,0
DA:46,0
DA:48,0
DA:56,1
DA:57,0
DA:58,0
DA:59,0
DA:60,0
DA:61,0
DA:62,0
DA:63,0
DA:64,0
DA:68,1
DA:69,0
DA:70,0
DA:71,0
DA:72,0
DA:73,0
DA:77,1
DA:80,1
DA:84,1
DA:98,1
DA:100,63
DA:102,1
DA:104,0
DA:106,1
DA:108,0
DA:110,1
DA:112,0
DA:114,0
DA:115,0
DA:118,0
DA:120,1
DA:122,0
DA:123,0
DA:124,0
DA:126,0
DA:127,0
DA:129,1
DA:143,1
DA:144,1
DA:158,1
DA:172,1
DA:173,1
DA:174,1
DA:186,1
DA:187,1
DA:193,1
DA:195,17
DA:196,17
DA:197,63
DA:198,3
DA:201,17
DA:203,1
DA:205,14
DA:206,14
DA:207,52
DA:208,3
DA:211,14
DA:213,1
DA:215,12
DA:216,12
DA:217,12
DA:218,12
DA:219,2
DA:221,12
DA:222,10
DA:224,12
DA:225,1
DA:227,12
DA:228,2
DA:230,12
DA:231,1
DA:233,12
DA:234,1
DA:236,12
DA:237,1
DA:239,12
DA:240,2
DA:242,12
DA:243,1
DA:245,12
DA:246,1
DA:248,12
DA:249,2
DA:250,1
DA:252,2
DA:253,1
DA:256,12
DA:258,1
DA:260,7
DA:261,7
DA:262,7
DA:263,1
DA:265,7
DA:266,1
DA:268,7
DA:269,1
DA:271,7
DA:272,1
DA:274,7
DA:276,1
DA:290,1
DA:291,1
DA:292,1
DA:294,1
DA:295,1
DA:296,1
DA:298,1
DA:299,1
DA:300,1
DA:301,1
DA:303,1
DA:304,1
DA:305,1
DA:307,1
DA:308,1
DA:309,1
DA:311,1
DA:312,1
DA:313,1
DA:315,1
DA:316,1
DA:317,1
DA:318,1
DA:319,1
DA:321,1
DA:322,1
DA:323,1
DA:325,1
DA:326,1
DA:327,1
DA:329,1
DA:330,1
DA:331,1
DA:333,1
DA:334,1
DA:335,1
DA:337,1
DA:338,1
DA:339,1
DA:343,1
DA:344,1
DA:345,1
DA:347,1
DA:348,1
DA:349,1
DA:350,1
DA:351,1
DA:352,1
DA:353,1
DA:354,1
DA:356,1
DA:357,1
DA:358,1
DA:360,1
DA:361,1
DA:362,1
DA:364,1
DA:365,1
DA:366,1
DA:370,1
DA:371,1
DA:372,1
DA:373,1
DA:374,1
DA:375,1
DA:376,1
DA:379,1
DA:380,1
DA:381,1
DA:382,1
LF:186
LH:156
BRDA:9,0,0,0
BRDA:9,0,1,4
BRDA:38,1,0,0
BRDA:38,1,1,0
BRDA:45,2,0,0
BRDA:45,2,1,0
BRDA:45,3,0,0
BRDA:45,3,1,0
BRDA:57,4,0,0
BRDA:57,4,1,0
BRDA:58,5,0,0
BRDA:58,5,1,0
BRDA:59,6,0,0
BRDA:59,6,1,0
BRDA:59,7,0,0
BRDA:59,7,1,0
BRDA:59,7,2,0
BRDA:59,7,3,0
BRDA:63,8,0,0
BRDA:63,8,1,0
BRDA:63,9,0,0
BRDA:63,9,1,0
BRDA:69,10,0,0
BRDA:69,10,1,0
BRDA:69,11,0,0
BRDA:69,11,1,0
BRDA:100,12,0,63
BRDA:100,12,1,60
BRDA:115,13,0,0
BRDA:115,13,1,0
BRDA:123,14,0,0
BRDA:123,14,1,0
BRDA:197,15,0,3
BRDA:197,15,1,60
BRDA:207,16,0,3
BRDA:207,16,1,49
BRDA:218,17,0,2
BRDA:218,17,1,10
BRDA:221,18,0,10
BRDA:221,18,1,2
BRDA:224,19,0,1
BRDA:224,19,1,11
BRDA:227,20,0,2
BRDA:227,20,1,10
BRDA:230,21,0,1
BRDA:230,21,1,11
BRDA:233,22,0,1
BRDA:233,22,1,11
BRDA:236,23,0,1
BRDA:236,23,1,11
BRDA:236,24,0,12
BRDA:236,24,1,1
BRDA:239,25,0,2
BRDA:239,25,1,10
BRDA:242,26,0,1
BRDA:242,26,1,11
BRDA:245,27,0,1
BRDA:245,27,1,11
BRDA:248,28,0,2
BRDA:248,28,1,10
BRDA:249,29,0,1
BRDA:249,29,1,1
BRDA:252,30,0,1
BRDA:252,30,1,1
BRDA:252,31,0,2
BRDA:252,31,1,1
BRDA:262,32,0,1
BRDA:262,32,1,6
BRDA:265,33,0,1
BRDA:265,33,1,6
BRDA:268,34,0,1
BRDA:268,34,1,6
BRDA:271,35,0,1
BRDA:271,35,1,6
BRF:74
BRH:45
end_of_record
TN:
SF:C:\Users\Людмила\Desktop\FSD_slider\test\view.spec.ts
FN:1,(anonymous_0)
FN:6,__webpack_require__
FN:37,(anonymous_2)
FN:44,(anonymous_3)
FN:56,(anonymous_4)
FN:63,(anonymous_5)
FN:68,(anonymous_6)
FN:70,getDefault
FN:71,getModuleExports
FN:77,(anonymous_9)
FN:94,(anonymous_10)
FN:100,(anonymous_11)
FN:104,bind
FN:110,(anonymous_13)
FN:133,(anonymous_14)
FN:137,(anonymous_15)
FN:138,(anonymous_16)
FN:140,(anonymous_17)
FN:141,(anonymous_18)
FN:144,(anonymous_19)
FN:146,__
FN:150,(anonymous_21)
FN:151,(anonymous_22)
FN:166,(anonymous_23)
FN:168,Model
FN:186,(anonymous_25)
FN:201,(anonymous_26)
FN:213,(anonymous_27)
FN:228,(anonymous_28)
FN:240,(anonymous_29)
FN:243,(anonymous_30)
FN:253,(anonymous_31)
FN:262,(anonymous_32)
FN:307,(anonymous_33)
FN:342,(anonymous_34)
FN:346,(anonymous_35)
FN:354,(anonymous_36)
FN:355,Observable
FN:358,(anonymous_38)
FN:361,(anonymous_39)
FN:362,(anonymous_40)
FN:384,(anonymous_41)
FN:388,(anonymous_42)
FN:389,(anonymous_43)
FN:391,(anonymous_44)
FN:392,(anonymous_45)
FN:395,(anonymous_46)
FN:397,__
FN:401,(anonymous_48)
FN:402,(anonymous_49)
FN:412,(anonymous_50)
FN:424,(anonymous_51)
FN:426,View
FN:440,(anonymous_53)
FN:447,(anonymous_54)
FN:453,(anonymous_55)
FN:463,(anonymous_56)
FN:466,(anonymous_57)
FN:475,(anonymous_58)
FN:501,(anonymous_59)
FN:535,(anonymous_60)
FN:542,(anonymous_61)
FN:581,(anonymous_62)
FN:587,(anonymous_63)
FN:596,(anonymous_64)
FN:610,(anonymous_65)
FN:623,(anonymous_66)
FN:631,(anonymous_67)
FN:636,(anonymous_68)
FN:666,(anonymous_69)
FN:683,(anonymous_70)
FN:702,(anonymous_71)
FN:708,(anonymous_72)
FN:714,(anonymous_73)
FN:726,(anonymous_74)
FN:732,(anonymous_75)
FN:738,(anonymous_76)
FN:769,(anonymous_77)
FN:774,isNumeric
FN:778,deepEqual
FN:782,getNumberOfSteps
FN:786,findValueByOffsetRacio
FN:796,normalizeNumber
FN:814,(anonymous_83)
FN:843,(anonymous_84)
FN:869,validateNumbers
FN:871,(anonymous_86)
FN:879,validateIntegers
FN:881,(anonymous_88)
FN:889,validateModel
FN:934,validateView
FN:961,(anonymous_91)
FN:974,(anonymous_92)
FN:981,(anonymous_93)
FN:984,(anonymous_94)
FN:985,(anonymous_95)
FN:988,(anonymous_96)
FN:999,(anonymous_97)
FN:1000,(anonymous_98)
FN:1001,(anonymous_99)
FN:1012,(anonymous_100)
FN:1013,(anonymous_101)
FN:1019,(anonymous_102)
FN:1038,(anonymous_103)
FN:1039,(anonymous_104)
FN:1047,(anonymous_105)
FN:1048,(anonymous_106)
FN:1056,(anonymous_107)
FN:1062,(anonymous_108)
FN:1063,(anonymous_109)
FN:1064,(anonymous_110)
FN:1070,(anonymous_111)
FN:1071,(anonymous_112)
FN:1074,(anonymous_113)
FN:1093,(anonymous_114)
FN:1094,(anonymous_115)
FN:1105,(anonymous_116)
FN:1106,(anonymous_117)
FN:1111,(anonymous_118)
FN:1127,(anonymous_119)
FN:1131,(anonymous_120)
FN:1152,(anonymous_121)
FN:1153,(anonymous_122)
FN:1160,(anonymous_123)
FN:1169,(anonymous_124)
FN:1174,(anonymous_125)
FN:1191,(anonymous_126)
FN:1192,(anonymous_127)
FN:1205,(anonymous_128)
FN:1211,(anonymous_129)
FN:1212,(anonymous_130)
FN:1217,(anonymous_131)
FN:1224,(anonymous_132)
FN:1228,(anonymous_133)
FN:1235,(anonymous_134)
FN:1236,(anonymous_135)
FN:1253,(anonymous_136)
FN:1254,(anonymous_137)
FN:1268,(anonymous_138)
FN:1269,(anonymous_139)
FN:1283,(anonymous_140)
FN:1284,(anonymous_141)
FN:1289,(anonymous_142)
FN:1294,(anonymous_143)
FN:1295,(anonymous_144)
FN:1301,(anonymous_145)
FN:1310,(anonymous_146)
FN:1311,(anonymous_147)
FN:1315,(anonymous_148)
FN:1316,(anonymous_149)
FN:1321,(anonymous_150)
FN:1322,(anonymous_151)
FN:1323,(anonymous_152)
FN:1327,(anonymous_153)
FN:1331,(anonymous_154)
FN:1335,(anonymous_155)
FN:1340,(anonymous_156)
FN:1341,(anonymous_157)
FN:1350,(anonymous_158)
FN:1351,(anonymous_159)
FNF:160
FNH:138
FNDA:1,(anonymous_0)
FNDA:16,__webpack_require__
FNDA:0,(anonymous_2)
FNDA:0,(anonymous_3)
FNDA:0,(anonymous_4)
FNDA:0,(anonymous_5)
FNDA:0,(anonymous_6)
FNDA:0,getDefault
FNDA:0,getModuleExports
FNDA:0,(anonymous_9)
FNDA:1,(anonymous_10)
FNDA:1,(anonymous_11)
FNDA:6,bind
FNDA:200,(anonymous_13)
FNDA:1,(anonymous_14)
FNDA:1,(anonymous_15)
FNDA:1,(anonymous_16)
FNDA:0,(anonymous_17)
FNDA:0,(anonymous_18)
FNDA:1,(anonymous_19)
FNDA:1,__
FNDA:1,(anonymous_21)
FNDA:0,(anonymous_22)
FNDA:1,(anonymous_23)
FNDA:93,Model
FNDA:0,(anonymous_25)
FNDA:0,(anonymous_26)
FNDA:0,(anonymous_27)
FNDA:94,(anonymous_28)
FNDA:0,(anonymous_29)
FNDA:93,(anonymous_30)
FNDA:93,(anonymous_31)
FNDA:93,(anonymous_32)
FNDA:93,(anonymous_33)
FNDA:1,(anonymous_34)
FNDA:2,(anonymous_35)
FNDA:1,(anonymous_36)
FNDA:186,Observable
FNDA:3,(anonymous_38)
FNDA:5,(anonymous_39)
FNDA:3,(anonymous_40)
FNDA:1,(anonymous_41)
FNDA:1,(anonymous_42)
FNDA:1,(anonymous_43)
FNDA:0,(anonymous_44)
FNDA:0,(anonymous_45)
FNDA:1,(anonymous_46)
FNDA:1,__
FNDA:1,(anonymous_48)
FNDA:0,(anonymous_49)
FNDA:4,(anonymous_50)
FNDA:1,(anonymous_51)
FNDA:93,View
FNDA:1,(anonymous_53)
FNDA:4,(anonymous_54)
FNDA:15,(anonymous_55)
FNDA:3,(anonymous_56)
FNDA:3,(anonymous_57)
FNDA:2,(anonymous_58)
FNDA:2,(anonymous_59)
FNDA:3,(anonymous_60)
FNDA:106,(anonymous_61)
FNDA:10,(anonymous_62)
FNDA:97,(anonymous_63)
FNDA:109,(anonymous_64)
FNDA:112,(anonymous_65)
FNDA:109,(anonymous_66)
FNDA:104,(anonymous_67)
FNDA:104,(anonymous_68)
FNDA:105,(anonymous_69)
FNDA:225,(anonymous_70)
FNDA:5,(anonymous_71)
FNDA:5,(anonymous_72)
FNDA:110,(anonymous_73)
FNDA:533,(anonymous_74)
FNDA:960,(anonymous_75)
FNDA:225,(anonymous_76)
FNDA:1,(anonymous_77)
FNDA:853,isNumeric
FNDA:0,deepEqual
FNDA:1249,getNumberOfSteps
FNDA:0,findValueByOffsetRacio
FNDA:372,normalizeNumber
FNDA:1,(anonymous_83)
FNDA:1,(anonymous_84)
FNDA:93,validateNumbers
FNDA:372,(anonymous_86)
FNDA:93,validateIntegers
FNDA:372,(anonymous_88)
FNDA:93,validateModel
FNDA:97,validateView
FNDA:1,(anonymous_91)
FNDA:93,(anonymous_92)
FNDA:93,(anonymous_93)
FNDA:1,(anonymous_94)
FNDA:1,(anonymous_95)
FNDA:1,(anonymous_96)
FNDA:1,(anonymous_97)
FNDA:1,(anonymous_98)
FNDA:1,(anonymous_99)
FNDA:1,(anonymous_100)
FNDA:1,(anonymous_101)
FNDA:1,(anonymous_102)
FNDA:1,(anonymous_103)
FNDA:1,(anonymous_104)
FNDA:1,(anonymous_105)
FNDA:1,(anonymous_106)
FNDA:1,(anonymous_107)
FNDA:1,(anonymous_108)
FNDA:1,(anonymous_109)
FNDA:1,(anonymous_110)
FNDA:1,(anonymous_111)
FNDA:1,(anonymous_112)
FNDA:1,(anonymous_113)
FNDA:1,(anonymous_114)
FNDA:1,(anonymous_115)
FNDA:1,(anonymous_116)
FNDA:1,(anonymous_117)
FNDA:1,(anonymous_118)
FNDA:1,(anonymous_119)
FNDA:1,(anonymous_120)
FNDA:1,(anonymous_121)
FNDA:1,(anonymous_122)
FNDA:1,(anonymous_123)
FNDA:1,(anonymous_124)
FNDA:0,(anonymous_125)
FNDA:1,(anonymous_126)
FNDA:1,(anonymous_127)
FNDA:0,(anonymous_128)
FNDA:1,(anonymous_129)
FNDA:3,(anonymous_130)
FNDA:1,(anonymous_131)
FNDA:1,(anonymous_132)
FNDA:1,(anonymous_133)
FNDA:1,(anonymous_134)
FNDA:1,(anonymous_135)
FNDA:1,(anonymous_136)
FNDA:1,(anonymous_137)
FNDA:1,(anonymous_138)
FNDA:1,(anonymous_139)
FNDA:1,(anonymous_140)
FNDA:1,(anonymous_141)
FNDA:1,(anonymous_142)
FNDA:1,(anonymous_143)
FNDA:1,(anonymous_144)
FNDA:1,(anonymous_145)
FNDA:1,(anonymous_146)
FNDA:1,(anonymous_147)
FNDA:1,(anonymous_148)
FNDA:1,(anonymous_149)
FNDA:1,(anonymous_150)
FNDA:1,(anonymous_151)
FNDA:1,(anonymous_152)
FNDA:1,(anonymous_153)
FNDA:1,(anonymous_154)
FNDA:1,(anonymous_155)
FNDA:1,(anonymous_156)
FNDA:1,(anonymous_157)
FNDA:1,(anonymous_158)
FNDA:1,(anonymous_159)
DA:1,1
DA:3,1
DA:9,16
DA:10,8
DA:13,8
DA:20,8
DA:23,8
DA:26,8
DA:31,1
DA:34,1
DA:37,1
DA:38,0
DA:39,0
DA:44,1
DA:45,0
DA:46,0
DA:48,0
DA:56,1
DA:57,0
DA:58,0
DA:59,0
DA:60,0
DA:61,0
DA:62,0
DA:63,0
DA:64,0
DA:68,1
DA:69,0
DA:70,0
DA:71,0
DA:72,0
DA:73,0
DA:77,1
DA:80,1
DA:84,1
DA:98,1
DA:100,1
DA:101,1
DA:102,1
DA:105,6
DA:106,0
DA:108,6
DA:111,200
DA:113,200
DA:118,200
DA:122,1
DA:123,1
DA:137,1
DA:138,1
DA:139,1
DA:140,0
DA:141,0
DA:142,1
DA:144,1
DA:145,1
DA:146,1
DA:147,1
DA:150,1
DA:151,1
DA:152,0
DA:153,0
DA:154,0
DA:155,0
DA:157,0
DA:159,1
DA:161,1
DA:162,1
DA:163,1
DA:164,1
DA:165,1
DA:166,1
DA:167,1
DA:169,93
DA:170,93
DA:171,93
DA:172,93
DA:173,93
DA:174,93
DA:175,93
DA:176,93
DA:177,93
DA:178,93
DA:179,93
DA:180,93
DA:181,93
DA:182,93
DA:183,93
DA:184,93
DA:186,1
DA:187,0
DA:188,0
DA:189,0
DA:190,0
DA:191,0
DA:192,0
DA:193,0
DA:195,0
DA:196,0
DA:201,1
DA:202,0
DA:203,0
DA:204,0
DA:205,0
DA:207,0
DA:208,0
DA:213,1
DA:214,0
DA:215,0
DA:217,0
DA:218,0
DA:219,0
DA:220,0
DA:222,0
DA:223,0
DA:228,1
DA:229,94
DA:240,1
DA:241,0
DA:243,1
DA:244,93
DA:245,93
DA:246,93
DA:247,93
DA:248,93
DA:249,93
DA:250,93
DA:251,93
DA:253,1
DA:254,93
DA:255,93
DA:257,0
DA:262,1
DA:264,93
DA:265,93
DA:266,93
DA:267,93
DA:268,0
DA:270,93
DA:271,0
DA:272,0
DA:274,93
DA:275,93
DA:276,93
DA:277,93
DA:278,0
DA:280,93
DA:281,0
DA:282,0
DA:284,93
DA:285,0
DA:287,93
DA:288,93
DA:289,93
DA:290,93
DA:291,0
DA:293,93
DA:296,93
DA:297,93
DA:298,93
DA:299,93
DA:302,0
DA:303,0
DA:305,93
DA:307,1
DA:310,93
DA:311,93
DA:312,0
DA:314,93
DA:315,93
DA:317,0
DA:318,0
DA:319,0
DA:320,0
DA:323,0
DA:324,0
DA:325,0
DA:327,0
DA:328,0
DA:330,1
DA:332,1
DA:346,1
DA:347,2
DA:348,2
DA:349,2
DA:350,2
DA:352,1
DA:353,1
DA:354,1
DA:356,186
DA:358,1
DA:359,3
DA:361,1
DA:362,5
DA:363,3
DA:366,1
DA:369,1
DA:372,1
DA:374,1
DA:388,1
DA:389,1
DA:390,1
DA:391,0
DA:392,0
DA:393,1
DA:395,1
DA:396,1
DA:397,1
DA:398,1
DA:401,1
DA:402,1
DA:403,0
DA:404,0
DA:405,0
DA:406,0
DA:408,0
DA:410,1
DA:412,1
DA:413,4
DA:414,4
DA:415,4
DA:416,4
DA:418,1
DA:419,1
DA:420,1
DA:421,1
DA:422,1
DA:423,1
DA:424,1
DA:425,1
DA:427,93
DA:428,93
DA:429,93
DA:430,93
DA:431,93
DA:432,93
DA:433,93
DA:434,93
DA:435,93
DA:436,93
DA:437,93
DA:438,93
DA:440,1
DA:441,1
DA:442,1
DA:443,1
DA:444,1
DA:447,1
DA:448,4
DA:449,4
DA:450,4
DA:451,4
DA:453,1
DA:454,15
DA:455,15
DA:456,15
DA:463,1
DA:464,3
DA:466,1
DA:467,3
DA:468,3
DA:469,3
DA:470,3
DA:471,3
DA:472,3
DA:473,3
DA:475,1
DA:476,2
DA:477,2
DA:479,2
DA:480,2
DA:481,2
DA:484,0
DA:485,0
DA:487,2
DA:488,2
DA:489,2
DA:495,0
DA:501,1
DA:502,2
DA:503,2
DA:504,2
DA:505,2
DA:507,2
DA:508,1
DA:510,1
DA:511,0
DA:514,1
DA:515,1
DA:516,1
DA:517,1
DA:518,1
DA:519,1
DA:520,1
DA:522,2
DA:523,1
DA:529,1
DA:535,1
DA:536,3
DA:537,3
DA:538,3
DA:539,3
DA:540,3
DA:542,1
DA:543,106
DA:544,106
DA:545,106
DA:546,103
DA:547,103
DA:548,103
DA:549,103
DA:550,103
DA:553,3
DA:554,3
DA:555,3
DA:556,3
DA:557,3
DA:559,106
DA:560,106
DA:561,106
DA:562,106
DA:563,104
DA:566,2
DA:567,2
DA:569,106
DA:570,103
DA:573,3
DA:575,106
DA:576,106
DA:577,106
DA:578,106
DA:579,106
DA:581,1
DA:582,10
DA:583,10
DA:584,10
DA:585,10
DA:587,1
DA:588,97
DA:589,96
DA:591,1
DA:596,1
DA:597,109
DA:598,109
DA:599,109
DA:600,109
DA:601,106
DA:602,104
DA:605,2
DA:608,109
DA:610,1
DA:611,112
DA:612,112
DA:613,112
DA:614,112
DA:615,109
DA:616,109
DA:619,3
DA:620,3
DA:623,1
DA:624,109
DA:625,109
DA:626,109
DA:627,109
DA:628,109
DA:629,109
DA:631,1
DA:632,104
DA:633,104
DA:634,104
DA:636,1
DA:637,104
DA:641,104
DA:642,104
DA:643,104
DA:644,104
DA:645,1144
DA:646,1133
DA:647,1133
DA:650,11
DA:651,11
DA:653,1144
DA:654,1144
DA:655,1144
DA:656,1144
DA:657,1144
DA:658,1144
DA:659,1144
DA:660,1144
DA:661,1144
DA:663,104
DA:664,104
DA:666,1
DA:667,105
DA:668,0
DA:669,105
DA:670,0
DA:671,105
DA:672,105
DA:673,105
DA:674,105
DA:675,104
DA:676,104
DA:679,1
DA:680,1
DA:683,1
DA:684,225
DA:685,225
DA:686,219
DA:687,219
DA:690,6
DA:691,6
DA:693,225
DA:694,225
DA:695,2
DA:698,223
DA:702,1
DA:703,5
DA:706,5
DA:708,1
DA:709,5
DA:712,5
DA:714,1
DA:715,110
DA:716,110
DA:717,110
DA:718,110
DA:719,1
DA:721,109
DA:722,108
DA:724,1
DA:726,1
DA:727,533
DA:728,533
DA:729,960
DA:731,533
DA:732,533
DA:733,960
DA:735,533
DA:736,533
DA:738,1
DA:739,225
DA:740,225
DA:743,225
DA:745,1
DA:748,1
DA:751,1
DA:754,1
DA:757,1
DA:759,1
DA:773,1
DA:775,853
DA:777,1
DA:779,0
DA:781,1
DA:783,1249
DA:785,1
DA:787,0
DA:789,0
DA:790,0
DA:793,0
DA:795,1
DA:797,372
DA:798,372
DA:799,0
DA:801,372
DA:802,372
DA:804,1
DA:818,1
DA:819,1
DA:833,1
DA:847,1
DA:848,1
DA:849,1
DA:861,1
DA:862,1
DA:868,1
DA:870,93
DA:871,93
DA:872,372
DA:873,0
DA:876,93
DA:878,1
DA:880,93
DA:881,93
DA:882,372
DA:883,0
DA:886,93
DA:888,1
DA:890,93
DA:891,93
DA:892,93
DA:893,93
DA:894,0
DA:896,93
DA:897,93
DA:899,93
DA:900,0
DA:902,93
DA:903,0
DA:905,93
DA:906,0
DA:908,93
DA:909,0
DA:911,93
DA:912,0
DA:914,93
DA:915,0
DA:917,93
DA:918,0
DA:920,93
DA:921,0
DA:923,93
DA:924,0
DA:925,0
DA:927,0
DA:928,0
DA:931,93
DA:933,1
DA:935,97
DA:936,97
DA:937,97
DA:938,0
DA:940,97
DA:941,0
DA:943,97
DA:944,1
DA:946,97
DA:947,0
DA:949,97
DA:951,1
DA:965,1
DA:966,1
DA:967,1
DA:968,1
DA:969,1
DA:974,1
DA:975,93
DA:976,93
DA:977,93
DA:978,93
DA:979,93
DA:981,1
DA:982,93
DA:984,1
DA:985,1
DA:986,1
DA:988,1
DA:989,1
DA:990,1
DA:991,1
DA:992,1
DA:993,1
DA:994,1
DA:995,1
DA:996,1
DA:999,1
DA:1000,1
DA:1001,1
DA:1002,1
DA:1003,1
DA:1004,1
DA:1007,1
DA:1008,1
DA:1009,1
DA:1012,1
DA:1013,1
DA:1014,1
DA:1015,1
DA:1016,1
DA:1017,1
DA:1019,1
DA:1020,1
DA:1021,1
DA:1022,1
DA:1023,1
DA:1024,1
DA:1031,1
DA:1032,1
DA:1033,1
DA:1034,1
DA:1035,1
DA:1038,1
DA:1039,1
DA:1040,1
DA:1041,1
DA:1042,1
DA:1043,1
DA:1044,1
DA:1047,1
DA:1048,1
DA:1049,1
DA:1052,1
DA:1053,1
DA:1054,1
DA:1056,1
DA:1057,1
DA:1058,1
DA:1062,1
DA:1063,1
DA:1064,1
DA:1065,1
DA:1066,1
DA:1067,1
DA:1070,1
DA:1071,1
DA:1072,1
DA:1073,1
DA:1074,1
DA:1075,1
DA:1076,1
DA:1077,1
DA:1080,1
DA:1081,1
DA:1087,1
DA:1088,1
DA:1089,1
DA:1090,1
DA:1093,1
DA:1094,1
DA:1095,1
DA:1096,1
DA:1099,1
DA:1100,1
DA:1101,1
DA:1102,1
DA:1105,1
DA:1106,1
DA:1107,1
DA:1108,1
DA:1109,1
DA:1110,1
DA:1111,1
DA:1112,1
DA:1113,1
DA:1114,1
DA:1117,1
DA:1123,1
DA:1124,1
DA:1125,1
DA:1127,1
DA:1128,1
DA:1129,1
DA:1130,1
DA:1131,1
DA:1132,1
DA:1133,0
DA:1135,1
DA:1136,1
DA:1137,1
DA:1140,1
DA:1146,1
DA:1147,1
DA:1148,1
DA:1149,1
DA:1152,1
DA:1153,1
DA:1154,1
DA:1155,1
DA:1158,1
DA:1160,1
DA:1161,1
DA:1162,1
DA:1163,1
DA:1166,1
DA:1167,1
DA:1169,1
DA:1170,1
DA:1171,1
DA:1172,1
DA:1173,1
DA:1174,1
DA:1175,0
DA:1176,0
DA:1177,0
DA:1178,0
DA:1180,1
DA:1181,1
DA:1182,1
DA:1183,1
DA:1184,1
DA:1185,1
DA:1186,1
DA:1187,1
DA:1188,1
DA:1191,1
DA:1192,1
DA:1193,1
DA:1194,1
DA:1195,1
DA:1196,1
DA:1201,1
DA:1202,1
DA:1203,1
DA:1204,1
DA:1205,1
DA:1206,0
DA:1207,0
DA:1211,1
DA:1212,1
DA:1213,3
DA:1214,3
DA:1215,3
DA:1217,1
DA:1218,1
DA:1219,1
DA:1220,1
DA:1221,1
DA:1222,1
DA:1224,1
DA:1225,1
DA:1226,1
DA:1228,1
DA:1229,1
DA:1230,1
DA:1231,1
DA:1232,1
DA:1235,1
DA:1236,1
DA:1237,1
DA:1242,1
DA:1243,1
DA:1244,1
DA:1249,1
DA:1250,1
DA:1253,1
DA:1254,1
DA:1255,1
DA:1256,1
DA:1257,1
DA:1258,1
DA:1259,1
DA:1260,1
DA:1261,1
DA:1262,1
DA:1263,1
DA:1264,1
DA:1265,1
DA:1268,1
DA:1269,1
DA:1270,1
DA:1271,1
DA:1272,1
DA:1273,1
DA:1274,1
DA:1275,1
DA:1276,1
DA:1277,1
DA:1278,1
DA:1279,1
DA:1280,1
DA:1283,1
DA:1284,1
DA:1285,1
DA:1286,1
DA:1287,1
DA:1289,1
DA:1290,1
DA:1291,1
DA:1294,1
DA:1295,1
DA:1296,1
DA:1297,1
DA:1298,1
DA:1299,1
DA:1301,1
DA:1302,1
DA:1307,1
DA:1310,1
DA:1311,1
DA:1312,1
DA:1315,1
DA:1316,1
DA:1317,1
DA:1321,1
DA:1322,1
DA:1323,1
DA:1324,1
DA:1325,1
DA:1327,1
DA:1328,1
DA:1329,1
DA:1331,1
DA:1332,1
DA:1333,1
DA:1335,1
DA:1336,1
DA:1337,1
DA:1340,1
DA:1341,1
DA:1342,1
DA:1343,1
DA:1344,1
DA:1345,1
DA:1346,1
DA:1347,1
DA:1350,1
DA:1351,1
DA:1352,1
DA:1353,1
LF:799
LH:684
BRDA:9,0,0,8
BRDA:9,0,1,8
BRDA:38,1,0,0
BRDA:38,1,1,0
BRDA:45,2,0,0
BRDA:45,2,1,0
BRDA:45,3,0,0
BRDA:45,3,1,0
BRDA:57,4,0,0
BRDA:57,4,1,0
BRDA:58,5,0,0
BRDA:58,5,1,0
BRDA:59,6,0,0
BRDA:59,6,1,0
BRDA:59,7,0,0
BRDA:59,7,1,0
BRDA:59,7,2,0
BRDA:59,7,3,0
BRDA:63,8,0,0
BRDA:63,8,1,0
BRDA:63,9,0,0
BRDA:63,9,1,0
BRDA:69,10,0,0
BRDA:69,10,1,0
BRDA:69,11,0,0
BRDA:69,11,1,0
BRDA:103,12,0,1
BRDA:103,12,1,1
BRDA:105,13,0,0
BRDA:105,13,1,6
BRDA:105,14,0,6
BRDA:105,14,1,6
BRDA:137,15,0,1
BRDA:137,15,1,1
BRDA:137,15,2,1
BRDA:139,16,0,1
BRDA:139,16,1,0
BRDA:139,16,2,0
BRDA:139,16,3,0
BRDA:141,17,0,0
BRDA:141,17,1,0
BRDA:147,18,0,0
BRDA:147,18,1,1
BRDA:150,19,0,1
BRDA:150,19,1,1
BRDA:150,19,2,1
BRDA:151,20,0,1
BRDA:151,20,1,0
BRDA:154,21,0,0
BRDA:154,21,1,0
BRDA:169,22,0,93
BRDA:169,22,1,93
BRDA:192,23,0,0
BRDA:192,23,1,0
BRDA:204,24,0,0
BRDA:204,24,1,0
BRDA:214,25,0,0
BRDA:214,25,1,0
BRDA:219,26,0,0
BRDA:219,26,1,0
BRDA:254,27,0,93
BRDA:254,27,1,0
BRDA:267,28,0,0
BRDA:267,28,1,93
BRDA:267,29,0,93
BRDA:267,29,1,93
BRDA:270,30,0,0
BRDA:270,30,1,93
BRDA:277,31,0,0
BRDA:277,31,1,93
BRDA:280,32,0,0
BRDA:280,32,1,93
BRDA:284,33,0,0
BRDA:284,33,1,93
BRDA:284,34,0,93
BRDA:284,34,1,93
BRDA:290,35,0,0
BRDA:290,35,1,93
BRDA:298,36,0,93
BRDA:298,36,1,0
BRDA:311,37,0,0
BRDA:311,37,1,93
BRDA:314,38,0,93
BRDA:314,38,1,0
BRDA:317,39,0,0
BRDA:317,39,1,0
BRDA:320,40,0,0
BRDA:320,40,1,0
BRDA:325,41,0,0
BRDA:325,41,1,0
BRDA:327,42,0,0
BRDA:327,42,1,0
BRDA:346,43,0,1
BRDA:346,43,1,1
BRDA:346,43,2,1
BRDA:347,44,0,0
BRDA:347,44,1,2
BRDA:347,45,0,2
BRDA:347,45,1,0
BRDA:348,46,0,0
BRDA:348,46,1,2
BRDA:348,47,0,2
BRDA:348,47,1,2
BRDA:349,48,0,2
BRDA:349,48,1,0
BRDA:349,49,0,2
BRDA:349,49,1,0
BRDA:349,50,0,0
BRDA:349,50,1,2
BRDA:349,51,0,2
BRDA:349,51,1,0
BRDA:350,52,0,2
BRDA:350,52,1,2
BRDA:350,52,2,2
BRDA:388,53,0,1
BRDA:388,53,1,1
BRDA:388,53,2,1
BRDA:390,54,0,1
BRDA:390,54,1,0
BRDA:390,54,2,0
BRDA:390,54,3,0
BRDA:392,55,0,0
BRDA:392,55,1,0
BRDA:398,56,0,0
BRDA:398,56,1,1
BRDA:401,57,0,1
BRDA:401,57,1,1
BRDA:401,57,2,1
BRDA:402,58,0,1
BRDA:402,58,1,0
BRDA:405,59,0,0
BRDA:405,59,1,0
BRDA:412,60,0,1
BRDA:412,60,1,1
BRDA:412,60,2,1
BRDA:413,61,0,0
BRDA:413,61,1,4
BRDA:413,62,0,4
BRDA:413,62,1,0
BRDA:414,63,0,0
BRDA:414,63,1,4
BRDA:414,64,0,4
BRDA:414,64,1,4
BRDA:415,65,0,4
BRDA:415,65,1,0
BRDA:415,66,0,4
BRDA:415,66,1,0
BRDA:415,67,0,0
BRDA:415,67,1,4
BRDA:415,68,0,4
BRDA:415,68,1,0
BRDA:416,69,0,4
BRDA:416,69,1,4
BRDA:416,69,2,4
BRDA:427,70,0,93
BRDA:427,70,1,93
BRDA:443,71,0,1
BRDA:443,71,1,0
BRDA:479,72,0,2
BRDA:479,72,1,0
BRDA:481,73,0,2
BRDA:481,73,1,0
BRDA:485,74,0,0
BRDA:485,74,1,0
BRDA:488,75,0,2
BRDA:488,75,1,0
BRDA:504,76,0,2
BRDA:504,76,1,0
BRDA:507,77,0,1
BRDA:507,77,1,1
BRDA:510,78,0,0
BRDA:510,78,1,1
BRDA:514,79,0,1
BRDA:514,79,1,0
BRDA:522,80,0,1
BRDA:522,80,1,1
BRDA:543,81,0,106
BRDA:543,81,1,0
BRDA:545,82,0,103
BRDA:545,82,1,3
BRDA:562,83,0,104
BRDA:562,83,1,2
BRDA:569,84,0,103
BRDA:569,84,1,3
BRDA:588,85,0,96
BRDA:588,85,1,1
BRDA:600,86,0,106
BRDA:600,86,1,3
BRDA:601,87,0,104
BRDA:601,87,1,2
BRDA:614,88,0,109
BRDA:614,88,1,3
BRDA:624,89,0,105
BRDA:624,89,1,4
BRDA:625,90,0,105
BRDA:625,90,1,4
BRDA:645,91,0,1133
BRDA:645,91,1,11
BRDA:655,92,0,11
BRDA:655,92,1,1133
BRDA:659,93,0,1122
BRDA:659,93,1,22
BRDA:667,94,0,0
BRDA:667,94,1,105
BRDA:669,95,0,0
BRDA:669,95,1,105
BRDA:672,96,0,1
BRDA:672,96,1,104
BRDA:673,97,0,1
BRDA:673,97,1,104
BRDA:674,98,0,104
BRDA:674,98,1,1
BRDA:685,99,0,219
BRDA:685,99,1,6
BRDA:693,100,0,225
BRDA:693,100,1,0
BRDA:694,101,0,2
BRDA:694,101,1,223
BRDA:694,102,0,225
BRDA:694,102,1,223
BRDA:703,103,0,5
BRDA:703,103,1,0
BRDA:709,104,0,5
BRDA:709,104,1,0
BRDA:717,105,0,109
BRDA:717,105,1,1
BRDA:718,106,0,1
BRDA:718,106,1,109
BRDA:718,107,0,110
BRDA:718,107,1,109
BRDA:721,108,0,108
BRDA:721,108,1,1
BRDA:740,109,0,219
BRDA:740,109,1,6
BRDA:775,110,0,853
BRDA:775,110,1,853
BRDA:790,111,0,0
BRDA:790,111,1,0
BRDA:798,112,0,0
BRDA:798,112,1,372
BRDA:872,113,0,0
BRDA:872,113,1,372
BRDA:882,114,0,0
BRDA:882,114,1,372
BRDA:893,115,0,0
BRDA:893,115,1,93
BRDA:896,116,0,93
BRDA:896,116,1,0
BRDA:899,117,0,0
BRDA:899,117,1,93
BRDA:902,118,0,0
BRDA:902,118,1,93
BRDA:905,119,0,0
BRDA:905,119,1,93
BRDA:908,120,0,0
BRDA:908,120,1,93
BRDA:911,121,0,0
BRDA:911,121,1,93
BRDA:911,122,0,93
BRDA:911,122,1,0
BRDA:914,123,0,0
BRDA:914,123,1,93
BRDA:917,124,0,0
BRDA:917,124,1,93
BRDA:920,125,0,0
BRDA:920,125,1,93
BRDA:923,126,0,0
BRDA:923,126,1,93
BRDA:924,127,0,0
BRDA:924,127,1,0
BRDA:927,128,0,0
BRDA:927,128,1,0
BRDA:927,129,0,0
BRDA:927,129,1,0
BRDA:937,130,0,0
BRDA:937,130,1,97
BRDA:940,131,0,0
BRDA:940,131,1,97
BRDA:943,132,0,1
BRDA:943,132,1,96
BRDA:946,133,0,0
BRDA:946,133,1,97
BRDA:1075,134,0,1
BRDA:1075,134,1,0
BRDA:1112,135,0,1
BRDA:1112,135,1,0
BRDA:1132,136,0,0
BRDA:1132,136,1,1
BRDA:1135,137,0,1
BRDA:1135,137,1,0
BRF:290
BRH:162
end_of_record
